% time     seconds  usecs/call     calls    errors syscall
------ ----------- ----------- --------- --------- ----------------
 99.82    0.474815      474815         1           futex
  0.15    0.000735         147         5           rt_sigprocmask
  0.01    0.000067          33         2           clone3
  0.01    0.000027           2        11           mmap
  0.00    0.000023           4         5           mprotect
  0.00    0.000019           9         2           munmap
  0.00    0.000000           0         1           read
  0.00    0.000000           0         2           close
  0.00    0.000000           0         2           fstat
  0.00    0.000000           0         3           brk
  0.00    0.000000           0         1           rt_sigaction
  0.00    0.000000           0         2           pread64
  0.00    0.000000           0         1         1 access
  0.00    0.000000           0         1           execve
  0.00    0.000000           0         1           arch_prctl
  0.00    0.000000           0         1           set_tid_address
  0.00    0.000000           0         2           openat
  0.00    0.000000           0         1           set_robust_list
  0.00    0.000000           0         1           prlimit64
  0.00    0.000000           0         1           getrandom
  0.00    0.000000           0         1           rseq
------ ----------- ----------- --------- --------- ----------------
100.00    0.475686       10120        47         1 total
