Linux 6.8.0-49-generic (qtwdlxduwm) 	12/12/2024 	_x86_64_	(2 CPU)

06:46:27 PM  CPU    %usr   %nice    %sys %iowait    %irq   %soft  %steal  %guest  %gnice   %idle
06:46:28 PM  all   91.54    0.00    6.97    0.00    0.00    0.00    0.50    0.00    0.00    1.00
06:46:28 PM    0   91.09    0.00    7.92    0.00    0.00    0.00    0.00    0.00    0.00    0.99
06:46:28 PM    1   92.00    0.00    6.00    0.00    0.00    0.00    1.00    0.00    0.00    1.00

06:46:28 PM  CPU    %usr   %nice    %sys %iowait    %irq   %soft  %steal  %guest  %gnice   %idle
06:46:29 PM  all   97.98    0.00    2.02    0.00    0.00    0.00    0.00    0.00    0.00    0.00
06:46:29 PM    0   97.98    0.00    2.02    0.00    0.00    0.00    0.00    0.00    0.00    0.00
06:46:29 PM    1   97.98    0.00    2.02    0.00    0.00    0.00    0.00    0.00    0.00    0.00

06:46:29 PM  CPU    %usr   %nice    %sys %iowait    %irq   %soft  %steal  %guest  %gnice   %idle
06:46:30 PM  all   71.36    0.00   28.14    0.00    0.00    0.50    0.00    0.00    0.00    0.00
06:46:30 PM    0   71.72    0.00   28.28    0.00    0.00    0.00    0.00    0.00    0.00    0.00
06:46:30 PM    1   71.00    0.00   28.00    0.00    0.00    1.00    0.00    0.00    0.00    0.00

06:46:30 PM  CPU    %usr   %nice    %sys %iowait    %irq   %soft  %steal  %guest  %gnice   %idle
06:46:31 PM  all   15.08    0.00   84.92    0.00    0.00    0.00    0.00    0.00    0.00    0.00
06:46:31 PM    0   14.14    0.00   85.86    0.00    0.00    0.00    0.00    0.00    0.00    0.00
06:46:31 PM    1   16.00    0.00   84.00    0.00    0.00    0.00    0.00    0.00    0.00    0.00

06:46:31 PM  CPU    %usr   %nice    %sys %iowait    %irq   %soft  %steal  %guest  %gnice   %idle
06:46:32 PM  all   16.58    0.00   83.42    0.00    0.00    0.00    0.00    0.00    0.00    0.00
06:46:32 PM    0   17.00    0.00   83.00    0.00    0.00    0.00    0.00    0.00    0.00    0.00
06:46:32 PM    1   16.16    0.00   83.84    0.00    0.00    0.00    0.00    0.00    0.00    0.00

06:46:32 PM  CPU    %usr   %nice    %sys %iowait    %irq   %soft  %steal  %guest  %gnice   %idle
06:46:33 PM  all   17.17    0.00   82.83    0.00    0.00    0.00    0.00    0.00    0.00    0.00
06:46:33 PM    0   17.17    0.00   82.83    0.00    0.00    0.00    0.00    0.00    0.00    0.00
06:46:33 PM    1   17.17    0.00   82.83    0.00    0.00    0.00    0.00    0.00    0.00    0.00

06:46:33 PM  CPU    %usr   %nice    %sys %iowait    %irq   %soft  %steal  %guest  %gnice   %idle
06:46:34 PM  all   16.75    0.00   81.77    0.00    0.00    0.49    0.99    0.00    0.00    0.00
06:46:34 PM    0   16.83    0.00   82.18    0.00    0.00    0.00    0.99    0.00    0.00    0.00
06:46:34 PM    1   16.67    0.00   81.37    0.00    0.00    0.98    0.98    0.00    0.00    0.00

06:46:34 PM  CPU    %usr   %nice    %sys %iowait    %irq   %soft  %steal  %guest  %gnice   %idle
06:46:35 PM  all   16.16    0.00   83.84    0.00    0.00    0.00    0.00    0.00    0.00    0.00
06:46:35 PM    0   17.17    0.00   82.83    0.00    0.00    0.00    0.00    0.00    0.00    0.00
06:46:35 PM    1   15.15    0.00   84.85    0.00    0.00    0.00    0.00    0.00    0.00    0.00

06:46:35 PM  CPU    %usr   %nice    %sys %iowait    %irq   %soft  %steal  %guest  %gnice   %idle
06:46:36 PM  all   42.71    0.00   57.29    0.00    0.00    0.00    0.00    0.00    0.00    0.00
06:46:36 PM    0   49.49    0.00   50.51    0.00    0.00    0.00    0.00    0.00    0.00    0.00
06:46:36 PM    1   36.00    0.00   64.00    0.00    0.00    0.00    0.00    0.00    0.00    0.00

06:46:36 PM  CPU    %usr   %nice    %sys %iowait    %irq   %soft  %steal  %guest  %gnice   %idle
06:46:37 PM  all   99.00    0.00    1.00    0.00    0.00    0.00    0.00    0.00    0.00    0.00
06:46:37 PM    0  100.00    0.00    0.00    0.00    0.00    0.00    0.00    0.00    0.00    0.00
06:46:37 PM    1   98.00    0.00    2.00    0.00    0.00    0.00    0.00    0.00    0.00    0.00

06:46:37 PM  CPU    %usr   %nice    %sys %iowait    %irq   %soft  %steal  %guest  %gnice   %idle
06:46:38 PM  all   99.00    0.00    0.50    0.00    0.00    0.00    0.50    0.00    0.00    0.00
06:46:38 PM    0   98.02    0.00    0.99    0.00    0.00    0.00    0.99    0.00    0.00    0.00
06:46:38 PM    1  100.00    0.00    0.00    0.00    0.00    0.00    0.00    0.00    0.00    0.00

06:46:38 PM  CPU    %usr   %nice    %sys %iowait    %irq   %soft  %steal  %guest  %gnice   %idle
06:46:39 PM  all   99.49    0.00    0.51    0.00    0.00    0.00    0.00    0.00    0.00    0.00
06:46:39 PM    0   98.99    0.00    1.01    0.00    0.00    0.00    0.00    0.00    0.00    0.00
06:46:39 PM    1  100.00    0.00    0.00    0.00    0.00    0.00    0.00    0.00    0.00    0.00

06:46:39 PM  CPU    %usr   %nice    %sys %iowait    %irq   %soft  %steal  %guest  %gnice   %idle
06:46:40 PM  all   98.99    0.00    1.01    0.00    0.00    0.00    0.00    0.00    0.00    0.00
06:46:40 PM    0  100.00    0.00    0.00    0.00    0.00    0.00    0.00    0.00    0.00    0.00
06:46:40 PM    1   98.00    0.00    2.00    0.00    0.00    0.00    0.00    0.00    0.00    0.00
