top - 18:46:27 up 11:29,  1 user,  load average: 1.50, 0.66, 0.39
Tasks: 133 total,   3 running, 130 sleeping,   0 stopped,   0 zombie
%Cpu(s): 79.2 us, 16.7 sy,  0.0 ni,  4.2 id,  0.0 wa,  0.0 hi,  0.0 si,  0.0 st 
MiB Mem :   1967.8 total,    305.5 free,    612.5 used,   1220.3 buff/cache     
MiB Swap:      0.0 total,      0.0 free,      0.0 used.   1355.3 avail Mem 

    PID USER      PR  NI    VIRT    RES    SHR S  %CPU  %MEM     TIME+ COMMAND
  12840 root      20   0    2844   1408   1152 R  91.7   0.1   0:00.19 dedup
  12841 root      20   0    2844   1280   1152 R  83.3   0.1   0:00.17 dedup
    927 root      20   0  436896  37632  18048 S   8.3   1.9   1:05.24 fail2ba+
      1 root      20   0   22404  13488   9392 S   0.0   0.7   0:07.50 systemd
      2 root      20   0       0      0      0 S   0.0   0.0   0:00.06 kthreadd
      3 root      20   0       0      0      0 S   0.0   0.0   0:00.00 pool_wo+
      4 root       0 -20       0      0      0 I   0.0   0.0   0:00.00 kworker+
      5 root       0 -20       0      0      0 I   0.0   0.0   0:00.00 kworker+
      6 root       0 -20       0      0      0 I   0.0   0.0   0:00.00 kworker+
      7 root       0 -20       0      0      0 I   0.0   0.0   0:00.00 kworker+
      9 root       0 -20       0      0      0 I   0.0   0.0   0:00.00 kworker+
     11 root      20   0       0      0      0 I   0.0   0.0   0:00.68 kworker+
     12 root       0 -20       0      0      0 I   0.0   0.0   0:00.00 kworker+
     13 root      20   0       0      0      0 I   0.0   0.0   0:00.00 rcu_tas+
     14 root      20   0       0      0      0 I   0.0   0.0   0:00.00 rcu_tas+
     15 root      20   0       0      0      0 I   0.0   0.0   0:00.00 rcu_tas+
     16 root      20   0       0      0      0 S   0.0   0.0   0:00.27 ksoftir+
     17 root      20   0       0      0      0 I   0.0   0.0   0:01.68 rcu_pre+
     18 root      rt   0       0      0      0 S   0.0   0.0   0:00.44 migrati+
     19 root     -51   0       0      0      0 S   0.0   0.0   0:00.00 idle_in+
     20 root      20   0       0      0      0 S   0.0   0.0   0:00.00 cpuhp/0
     21 root      20   0       0      0      0 S   0.0   0.0   0:00.00 cpuhp/1
     22 root     -51   0       0      0      0 S   0.0   0.0   0:00.00 idle_in+
     23 root      rt   0       0      0      0 S   0.0   0.0   0:00.57 migrati+
     24 root      20   0       0      0      0 S   0.0   0.0   0:00.38 ksoftir+
     26 root       0 -20       0      0      0 I   0.0   0.0   0:00.00 kworker+
     29 root      20   0       0      0      0 S   0.0   0.0   0:00.00 kdevtmp+
     30 root       0 -20       0      0      0 I   0.0   0.0   0:00.00 kworker+
     32 root      20   0       0      0      0 S   0.0   0.0   0:00.00 kauditd
     33 root      20   0       0      0      0 S   0.0   0.0   0:00.24 khungta+
     34 root      20   0       0      0      0 S   0.0   0.0   0:00.00 oom_rea+
     35 root       0 -20       0      0      0 I   0.0   0.0   0:00.00 kworker+
     37 root      20   0       0      0      0 S   0.0   0.0   0:02.74 kcompac+
     38 root      25   5       0      0      0 S   0.0   0.0   0:00.00 ksmd
     40 root      39  19       0      0      0 S   0.0   0.0   0:00.00 khugepa+
     41 root       0 -20       0      0      0 I   0.0   0.0   0:00.00 kworker+
     42 root       0 -20       0      0      0 I   0.0   0.0   0:00.00 kworker+
     43 root       0 -20       0      0      0 I   0.0   0.0   0:00.00 kworker+
     44 root     -51   0       0      0      0 S   0.0   0.0   0:00.00 irq/9-a+
     45 root       0 -20       0      0      0 I   0.0   0.0   0:00.00 kworker+
     46 root       0 -20       0      0      0 I   0.0   0.0   0:00.00 kworker+
     47 root       0 -20       0      0      0 I   0.0   0.0   0:00.00 kworker+
     48 root       0 -20       0      0      0 I   0.0   0.0   0:00.00 kworker+
     49 root       0 -20       0      0      0 I   0.0   0.0   0:00.00 kworker+
     50 root       0 -20       0      0      0 I   0.0   0.0   0:00.00 kworker+
     51 root     -51   0       0      0      0 S   0.0   0.0   0:00.00 watchdo+
     53 root       0 -20       0      0      0 I   0.0   0.0   0:00.31 kworker+
     54 root      20   0       0      0      0 S   0.0   0.0   0:00.04 kswapd0
     55 root      20   0       0      0      0 S   0.0   0.0   0:00.00 ecryptf+
     56 root       0 -20       0      0      0 I   0.0   0.0   0:00.00 kworker+
     57 root       0 -20       0      0      0 I   0.0   0.0   0:00.00 kworker+
     58 root      20   0       0      0      0 S   0.0   0.0   0:00.00 scsi_eh+
     59 root       0 -20       0      0      0 I   0.0   0.0   0:00.00 kworker+
     60 root      20   0       0      0      0 S   0.0   0.0   0:00.00 scsi_eh+
     61 root       0 -20       0      0      0 I   0.0   0.0   0:00.00 kworker+
     63 root       0 -20       0      0      0 I   0.0   0.0   0:00.00 kworker+
     64 root       0 -20       0      0      0 I   0.0   0.0   0:00.33 kworker+
     65 root       0 -20       0      0      0 I   0.0   0.0   0:00.00 kworker+
     72 root       0 -20       0      0      0 I   0.0   0.0   0:00.00 kworker+
     74 root       0 -20       0      0      0 I   0.0   0.0   0:00.00 kworker+
     75 root       0 -20       0      0      0 I   0.0   0.0   0:00.00 kworker+
     76 root       0 -20       0      0      0 I   0.0   0.0   0:00.00 kworker+
     81 root       0 -20       0      0      0 I   0.0   0.0   0:00.00 kworker+
     92 root       0 -20       0      0      0 I   0.0   0.0   0:00.00 kworker+
    144 root      20   0       0      0      0 I   0.0   0.0   0:00.00 kworker+
    184 root       0 -20       0      0      0 I   0.0   0.0   0:00.00 kworker+
    221 root      20   0       0      0      0 S   0.0   0.0   0:00.82 jbd2/vd+
    222 root       0 -20       0      0      0 I   0.0   0.0   0:00.00 kworker+
    292 root      19  -1   34372  14652  13628 S   0.0   0.7   0:04.48 systemd+
    312 root       0 -20       0      0      0 I   0.0   0.0   0:00.00 kworker+
    316 root       0 -20       0      0      0 I   0.0   0.0   0:00.00 kworker+
    347 root      rt   0  288952  27136   8704 S   0.0   1.3   0:08.35 multipa+
    362 root      20   0   26084   7628   4940 S   0.0   0.4   0:00.48 systemd+
    373 root      -2   0       0      0      0 S   0.0   0.0   0:00.00 psimon
    460 root      20   0       0      0      0 S   0.0   0.0   0:00.00 jbd2/vd+
    462 root       0 -20       0      0      0 I   0.0   0.0   0:00.00 kworker+
    540 systemd+  20   0   91020   7808   6912 S   0.0   0.4   0:00.73 systemd+
    630 systemd+  20   0   19000   9088   7936 S   0.0   0.5   0:00.30 systemd+
    724 systemd+  20   0   21560  12928  10752 S   0.0   0.6   0:00.36 systemd+
    807 message+  20   0    9940   5504   4608 S   0.0   0.3   0:00.61 dbus-da+
    812 polkitd   20   0  308160   7808   7040 S   0.0   0.4   0:00.13 polkitd
    815 root      20   0   18152   8704   7808 S   0.0   0.4   0:00.48 systemd+
    816 root      20   0  468936  13312  11264 S   0.0   0.7   0:02.22 udisksd
    838 root      20   0  333372  18304  15872 S   0.0   0.9   0:02.33 Network+
    841 syslog    20   0  222508   6016   4608 S   0.0   0.3   0:00.97 rsyslogd
    863 root      20   0  392024  12544  10624 S   0.0   0.6   0:00.15 ModemMa+
    926 root      20   0 1003088   7616   4096 S   0.0   0.4   0:18.11 beget-a+
    932 root      20   0  109644  23040  13696 S   0.0   1.1   0:00.13 unatten+
    941 root      20   0    6824   2688   2560 S   0.0   0.1   0:00.51 cron
    944 root      20   0   12020   7936   6912 S   0.0   0.4   0:02.02 sshd
    954 root      20   0    5720   2176   2048 S   0.0   0.1   0:00.02 agetty
    960 root      20   0    6104   1920   1792 S   0.0   0.1   0:00.03 agetty
   1376 root       0 -20       0      0      0 I   0.0   0.0   0:00.00 kworker+
   3663 root      20   0       0      0      0 I   0.0   0.0   0:04.10 kworker+
   3682 root      20   0   15568   9400   6912 S   0.0   0.5   0:11.95 sshd
   3685 root      -2   0       0      0      0 S   0.0   0.0   0:00.00 psimon
   3687 root      20   0   20084  11136   9344 S   0.0   0.6   0:00.19 systemd
   3689 root      20   0   21152   3504   1792 S   0.0   0.2   0:00.00 (sd-pam)
   3694 root      -2   0       0      0      0 S   0.0   0.0   0:00.00 psimon
   3800 root      20   0    7472   3840   3584 S   0.0   0.2   0:00.00 bash
   3806 root      20   0    2800   1920   1792 S   0.0   0.1   0:00.05 sh
   3826 root      20   0   42544  26676  12032 S   0.0   1.3   0:23.45 code-f1+
   3855 root      20   0    2800   1792   1792 S   0.0   0.1   0:00.00 sh
   3859 root      20   0   11.3g 109892  46848 S   0.0   5.5   0:38.43 node
   3898 root      20   0   11.3g  76932  44160 S   0.0   3.8   0:32.46 node
   3913 root      20   0    2800   1792   1792 S   0.0   0.1   0:00.00 sh
   3948 root      20   0   11.3g 138328  49024 S   0.0   6.9   1:27.17 node
   3959 root      20   0   11.2g  59620  43264 S   0.0   3.0   2:14.64 node
   4002 root      20   0    2800   1664   1664 S   0.0   0.1   0:00.00 sh
   4049 root      20   0    7736   4480   3840 S   0.0   0.2   0:00.29 bash
   4364 root      20   0  995308  54184  40832 S   0.0   2.7   0:03.30 node
   6419 root      20   0    7736   4352   3712 S   0.0   0.2   0:00.02 bash
  10159 root      20   0 1003176  66616  41216 S   0.0   3.3   0:06.66 node
  10289 root      20   0       0      0      0 I   0.0   0.0   0:00.33 kworker+
  10382 root      20   0       0      0      0 I   0.0   0.0   0:00.75 kworker+
  10568 root      20   0       0      0      0 I   0.0   0.0   0:00.34 kworker+
  10600 root      20   0       0      0      0 I   0.0   0.0   0:00.24 kworker+
  11529 root      20   0       0      0      0 I   0.0   0.0   0:00.18 kworker+
  11676 root      20   0       0      0      0 I   0.0   0.0   0:00.00 kworker+
  11689 root      20   0       0      0      0 I   0.0   0.0   0:00.08 kworker+
  12040 root      20   0       0      0      0 I   0.0   0.0   0:00.07 kworker+
  12066 root      20   0       0      0      0 I   0.0   0.0   0:00.18 kworker+
  12404 root      20   0       0      0      0 I   0.0   0.0   0:00.00 kworker+
  12577 root      20   0    5684   1920   1920 S   0.0   0.1   0:00.00 sleep
  12607 root      20   0       0      0      0 I   0.0   0.0   0:00.00 kworker+
  12675 root      20   0    7736   2700   1920 S   0.0   0.1   0:00.00 bash
  12825 root      20   0    7472   3584   3328 S   0.0   0.2   0:00.00 run_par+
  12827 root      20   0   11932   5504   3456 R   0.0   0.3   0:00.01 top
  12828 root      20   0    5704   2304   2176 S   0.0   0.1   0:00.00 mpstat
  12830 root      20   0    7472   2128   1920 S   0.0   0.1   0:00.00 run_par+
  12831 root      20   0    7472   2128   1920 S   0.0   0.1   0:00.00 run_par+
  12834 root      20   0   39348  11648   9088 S   0.0   0.6   0:00.01 perf
  12836 root      20   0   39348  11776   9216 S   0.0   0.6   0:00.01 perf

top - 18:46:30 up 11:29,  1 user,  load average: 1.50, 0.66, 0.39
Tasks: 133 total,   3 running, 129 sleeping,   1 stopped,   0 zombie
%Cpu(s): 81.6 us, 18.3 sy,  0.0 ni,  0.0 id,  0.0 wa,  0.0 hi,  0.2 si,  0.0 st 
MiB Mem :   1967.8 total,    301.8 free,    616.3 used,   1220.3 buff/cache     
MiB Swap:      0.0 total,      0.0 free,      0.0 used.   1351.5 avail Mem 

    PID USER      PR  NI    VIRT    RES    SHR S  %CPU  %MEM     TIME+ COMMAND
  12889 root      20   0    5044   3072   2560 R  13.6   0.2   0:00.41 ltrace
  12891 root      20   0    5044   3072   2560 S  13.3   0.2   0:00.40 ltrace
   3948 root      20   0   11.3g 139336  49024 S   4.3   6.9   1:27.30 node
  12890 root      20   0    2844   1280   1152 t   3.3   0.1   0:00.10 dedup
  12892 root      20   0    2844   1152   1152 R   3.3   0.1   0:00.10 dedup
   3826 root      20   0   42544  26676  12032 S   0.7   1.3   0:23.47 code-f1+
   3859 root      20   0   11.3g 110020  46848 S   0.7   5.5   0:38.45 node
   3898 root      20   0   11.3g  77060  44160 S   0.7   3.8   0:32.48 node
   3959 root      20   0   11.2g  59620  43264 S   0.7   3.0   2:14.66 node
     17 root      20   0       0      0      0 I   0.3   0.0   0:01.69 rcu_pre+
   3682 root      20   0   15568   9400   6912 S   0.3   0.5   0:11.96 sshd
  12040 root      20   0       0      0      0 I   0.3   0.0   0:00.08 kworker+
  12066 root      20   0       0      0      0 I   0.3   0.0   0:00.19 kworker+
  12827 root      20   0   11900   5760   3712 R   0.3   0.3   0:00.02 top
      1 root      20   0   22404  13488   9392 S   0.0   0.7   0:07.50 systemd
      2 root      20   0       0      0      0 S   0.0   0.0   0:00.06 kthreadd
      3 root      20   0       0      0      0 S   0.0   0.0   0:00.00 pool_wo+
      4 root       0 -20       0      0      0 I   0.0   0.0   0:00.00 kworker+
      5 root       0 -20       0      0      0 I   0.0   0.0   0:00.00 kworker+
      6 root       0 -20       0      0      0 I   0.0   0.0   0:00.00 kworker+
      7 root       0 -20       0      0      0 I   0.0   0.0   0:00.00 kworker+
      9 root       0 -20       0      0      0 I   0.0   0.0   0:00.00 kworker+
     11 root      20   0       0      0      0 I   0.0   0.0   0:00.68 kworker+
     12 root       0 -20       0      0      0 I   0.0   0.0   0:00.00 kworker+
     13 root      20   0       0      0      0 I   0.0   0.0   0:00.00 rcu_tas+
     14 root      20   0       0      0      0 I   0.0   0.0   0:00.00 rcu_tas+
     15 root      20   0       0      0      0 I   0.0   0.0   0:00.00 rcu_tas+
     16 root      20   0       0      0      0 S   0.0   0.0   0:00.27 ksoftir+
     18 root      rt   0       0      0      0 S   0.0   0.0   0:00.44 migrati+
     19 root     -51   0       0      0      0 S   0.0   0.0   0:00.00 idle_in+
     20 root      20   0       0      0      0 S   0.0   0.0   0:00.00 cpuhp/0
     21 root      20   0       0      0      0 S   0.0   0.0   0:00.00 cpuhp/1
     22 root     -51   0       0      0      0 S   0.0   0.0   0:00.00 idle_in+
     23 root      rt   0       0      0      0 S   0.0   0.0   0:00.57 migrati+
     24 root      20   0       0      0      0 S   0.0   0.0   0:00.38 ksoftir+
     26 root       0 -20       0      0      0 I   0.0   0.0   0:00.00 kworker+
     29 root      20   0       0      0      0 S   0.0   0.0   0:00.00 kdevtmp+
     30 root       0 -20       0      0      0 I   0.0   0.0   0:00.00 kworker+
     32 root      20   0       0      0      0 S   0.0   0.0   0:00.00 kauditd
     33 root      20   0       0      0      0 S   0.0   0.0   0:00.24 khungta+
     34 root      20   0       0      0      0 S   0.0   0.0   0:00.00 oom_rea+
     35 root       0 -20       0      0      0 I   0.0   0.0   0:00.00 kworker+
     37 root      20   0       0      0      0 S   0.0   0.0   0:02.74 kcompac+
     38 root      25   5       0      0      0 S   0.0   0.0   0:00.00 ksmd
     40 root      39  19       0      0      0 S   0.0   0.0   0:00.00 khugepa+
     41 root       0 -20       0      0      0 I   0.0   0.0   0:00.00 kworker+
     42 root       0 -20       0      0      0 I   0.0   0.0   0:00.00 kworker+
     43 root       0 -20       0      0      0 I   0.0   0.0   0:00.00 kworker+
     44 root     -51   0       0      0      0 S   0.0   0.0   0:00.00 irq/9-a+
     45 root       0 -20       0      0      0 I   0.0   0.0   0:00.00 kworker+
     46 root       0 -20       0      0      0 I   0.0   0.0   0:00.00 kworker+
     47 root       0 -20       0      0      0 I   0.0   0.0   0:00.00 kworker+
     48 root       0 -20       0      0      0 I   0.0   0.0   0:00.00 kworker+
     49 root       0 -20       0      0      0 I   0.0   0.0   0:00.00 kworker+
     50 root       0 -20       0      0      0 I   0.0   0.0   0:00.00 kworker+
     51 root     -51   0       0      0      0 S   0.0   0.0   0:00.00 watchdo+
     53 root       0 -20       0      0      0 I   0.0   0.0   0:00.31 kworker+
     54 root      20   0       0      0      0 S   0.0   0.0   0:00.04 kswapd0
     55 root      20   0       0      0      0 S   0.0   0.0   0:00.00 ecryptf+
     56 root       0 -20       0      0      0 I   0.0   0.0   0:00.00 kworker+
     57 root       0 -20       0      0      0 I   0.0   0.0   0:00.00 kworker+
     58 root      20   0       0      0      0 S   0.0   0.0   0:00.00 scsi_eh+
     59 root       0 -20       0      0      0 I   0.0   0.0   0:00.00 kworker+
     60 root      20   0       0      0      0 S   0.0   0.0   0:00.00 scsi_eh+
     61 root       0 -20       0      0      0 I   0.0   0.0   0:00.00 kworker+
     63 root       0 -20       0      0      0 I   0.0   0.0   0:00.00 kworker+
     64 root       0 -20       0      0      0 I   0.0   0.0   0:00.33 kworker+
     65 root       0 -20       0      0      0 I   0.0   0.0   0:00.00 kworker+
     72 root       0 -20       0      0      0 I   0.0   0.0   0:00.00 kworker+
     74 root       0 -20       0      0      0 I   0.0   0.0   0:00.00 kworker+
     75 root       0 -20       0      0      0 I   0.0   0.0   0:00.00 kworker+
     76 root       0 -20       0      0      0 I   0.0   0.0   0:00.00 kworker+
     81 root       0 -20       0      0      0 I   0.0   0.0   0:00.00 kworker+
     92 root       0 -20       0      0      0 I   0.0   0.0   0:00.00 kworker+
    144 root      20   0       0      0      0 I   0.0   0.0   0:00.00 kworker+
    184 root       0 -20       0      0      0 I   0.0   0.0   0:00.00 kworker+
    221 root      20   0       0      0      0 S   0.0   0.0   0:00.82 jbd2/vd+
    222 root       0 -20       0      0      0 I   0.0   0.0   0:00.00 kworker+
    292 root      19  -1   34372  14652  13628 S   0.0   0.7   0:04.48 systemd+
    312 root       0 -20       0      0      0 I   0.0   0.0   0:00.00 kworker+
    316 root       0 -20       0      0      0 I   0.0   0.0   0:00.00 kworker+
    347 root      rt   0  288952  27136   8704 S   0.0   1.3   0:08.35 multipa+
    362 root      20   0   26084   7628   4940 S   0.0   0.4   0:00.48 systemd+
    373 root      -2   0       0      0      0 S   0.0   0.0   0:00.00 psimon
    460 root      20   0       0      0      0 S   0.0   0.0   0:00.00 jbd2/vd+
    462 root       0 -20       0      0      0 I   0.0   0.0   0:00.00 kworker+
    540 systemd+  20   0   91020   7808   6912 S   0.0   0.4   0:00.73 systemd+
    630 systemd+  20   0   19000   9088   7936 S   0.0   0.5   0:00.30 systemd+
    724 systemd+  20   0   21560  12928  10752 S   0.0   0.6   0:00.36 systemd+
    807 message+  20   0    9940   5504   4608 S   0.0   0.3   0:00.61 dbus-da+
    812 polkitd   20   0  308160   7808   7040 S   0.0   0.4   0:00.13 polkitd
    815 root      20   0   18152   8704   7808 S   0.0   0.4   0:00.48 systemd+
    816 root      20   0  468936  13312  11264 S   0.0   0.7   0:02.22 udisksd
    838 root      20   0  333372  18304  15872 S   0.0   0.9   0:02.33 Network+
    841 syslog    20   0  222508   6016   4608 S   0.0   0.3   0:00.97 rsyslogd
    863 root      20   0  392024  12544  10624 S   0.0   0.6   0:00.15 ModemMa+
    926 root      20   0 1003088   7616   4096 S   0.0   0.4   0:18.11 beget-a+
    927 root      20   0  436896  37632  18048 S   0.0   1.9   1:05.24 fail2ba+
    932 root      20   0  109644  23040  13696 S   0.0   1.1   0:00.13 unatten+
    941 root      20   0    6824   2688   2560 S   0.0   0.1   0:00.51 cron
    944 root      20   0   12020   7936   6912 S   0.0   0.4   0:02.02 sshd
    954 root      20   0    5720   2176   2048 S   0.0   0.1   0:00.02 agetty
    960 root      20   0    6104   1920   1792 S   0.0   0.1   0:00.03 agetty
   1376 root       0 -20       0      0      0 I   0.0   0.0   0:00.00 kworker+
   3663 root      20   0       0      0      0 I   0.0   0.0   0:04.10 kworker+
   3685 root      -2   0       0      0      0 S   0.0   0.0   0:00.00 psimon
   3687 root      20   0   20084  11136   9344 S   0.0   0.6   0:00.19 systemd
   3689 root      20   0   21152   3504   1792 S   0.0   0.2   0:00.00 (sd-pam)
   3694 root      -2   0       0      0      0 S   0.0   0.0   0:00.00 psimon
   3800 root      20   0    7472   3840   3584 S   0.0   0.2   0:00.00 bash
   3806 root      20   0    2800   1920   1792 S   0.0   0.1   0:00.05 sh
   3855 root      20   0    2800   1792   1792 S   0.0   0.1   0:00.00 sh
   3913 root      20   0    2800   1792   1792 S   0.0   0.1   0:00.00 sh
   4002 root      20   0    2800   1664   1664 S   0.0   0.1   0:00.00 sh
   4049 root      20   0    7736   4480   3840 S   0.0   0.2   0:00.29 bash
   4364 root      20   0  995308  54184  40832 S   0.0   2.7   0:03.30 node
   6419 root      20   0    7736   4352   3712 S   0.0   0.2   0:00.02 bash
  10159 root      20   0 1003176  66616  41216 S   0.0   3.3   0:06.66 node
  10289 root      20   0       0      0      0 I   0.0   0.0   0:00.33 kworker+
  10382 root      20   0       0      0      0 I   0.0   0.0   0:00.75 kworker+
  10568 root      20   0       0      0      0 I   0.0   0.0   0:00.34 kworker+
  10600 root      20   0       0      0      0 I   0.0   0.0   0:00.24 kworker+
  11529 root      20   0       0      0      0 I   0.0   0.0   0:00.18 kworker+
  11676 root      20   0       0      0      0 I   0.0   0.0   0:00.00 kworker+
  11689 root      20   0       0      0      0 I   0.0   0.0   0:00.08 kworker+
  12404 root      20   0       0      0      0 I   0.0   0.0   0:00.00 kworker+
  12607 root      20   0       0      0      0 I   0.0   0.0   0:00.00 kworker+
  12675 root      20   0    7736   2700   1920 S   0.0   0.1   0:00.00 bash
  12825 root      20   0    7472   3584   3328 S   0.0   0.2   0:00.00 run_par+
  12828 root      20   0    5704   2304   2176 S   0.0   0.1   0:00.00 mpstat
  12830 root      20   0    7472   2128   1920 S   0.0   0.1   0:00.00 run_par+
  12831 root      20   0    7472   2128   1920 S   0.0   0.1   0:00.00 run_par+
  12861 root      20   0    5684   1920   1920 S   0.0   0.1   0:00.00 sleep

top - 18:46:33 up 11:29,  1 user,  load average: 1.62, 0.70, 0.40
Tasks: 136 total,   4 running, 131 sleeping,   1 stopped,   0 zombie
%Cpu(s): 16.4 us, 83.2 sy,  0.0 ni,  0.0 id,  0.0 wa,  0.0 hi,  0.2 si,  0.2 st 
MiB Mem :   1967.8 total,    301.3 free,    616.7 used,   1220.3 buff/cache     
MiB Swap:      0.0 total,      0.0 free,      0.0 used.   1351.1 avail Mem 

    PID USER      PR  NI    VIRT    RES    SHR S  %CPU  %MEM     TIME+ COMMAND
  12889 root      20   0    5044   3072   2560 R  77.9   0.2   0:02.77 ltrace
  12891 root      20   0    5044   3072   2560 R  74.9   0.2   0:02.67 ltrace
  12890 root      20   0    2844   1280   1152 R  20.5   0.1   0:00.72 dedup
  12892 root      20   0    2844   1280   1152 t  19.5   0.1   0:00.69 dedup
   3898 root      20   0   11.3g  77188  44160 S   1.3   3.8   0:32.52 node
   3948 root      20   0   11.3g 139464  49024 S   0.7   6.9   1:27.32 node
    221 root      20   0       0      0      0 S   0.3   0.0   0:00.83 jbd2/vd+
    927 root      20   0  436896  37632  18048 S   0.3   1.9   1:05.25 fail2ba+
   3859 root      20   0   11.3g 110020  46848 S   0.3   5.5   0:38.46 node
   3959 root      20   0   11.2g  59620  43264 S   0.3   3.0   2:14.67 node
  12827 root      20   0   11900   5760   3712 R   0.3   0.3   0:00.03 top
      1 root      20   0   22404  13488   9392 S   0.0   0.7   0:07.50 systemd
      2 root      20   0       0      0      0 S   0.0   0.0   0:00.06 kthreadd
      3 root      20   0       0      0      0 S   0.0   0.0   0:00.00 pool_wo+
      4 root       0 -20       0      0      0 I   0.0   0.0   0:00.00 kworker+
      5 root       0 -20       0      0      0 I   0.0   0.0   0:00.00 kworker+
      6 root       0 -20       0      0      0 I   0.0   0.0   0:00.00 kworker+
      7 root       0 -20       0      0      0 I   0.0   0.0   0:00.00 kworker+
      9 root       0 -20       0      0      0 I   0.0   0.0   0:00.00 kworker+
     11 root      20   0       0      0      0 I   0.0   0.0   0:00.68 kworker+
     12 root       0 -20       0      0      0 I   0.0   0.0   0:00.00 kworker+
     13 root      20   0       0      0      0 I   0.0   0.0   0:00.00 rcu_tas+
     14 root      20   0       0      0      0 I   0.0   0.0   0:00.00 rcu_tas+
     15 root      20   0       0      0      0 I   0.0   0.0   0:00.00 rcu_tas+
     16 root      20   0       0      0      0 S   0.0   0.0   0:00.27 ksoftir+
     17 root      20   0       0      0      0 I   0.0   0.0   0:01.69 rcu_pre+
     18 root      rt   0       0      0      0 S   0.0   0.0   0:00.44 migrati+
     19 root     -51   0       0      0      0 S   0.0   0.0   0:00.00 idle_in+
     20 root      20   0       0      0      0 S   0.0   0.0   0:00.00 cpuhp/0
     21 root      20   0       0      0      0 S   0.0   0.0   0:00.00 cpuhp/1
     22 root     -51   0       0      0      0 S   0.0   0.0   0:00.00 idle_in+
     23 root      rt   0       0      0      0 S   0.0   0.0   0:00.57 migrati+
     24 root      20   0       0      0      0 S   0.0   0.0   0:00.38 ksoftir+
     26 root       0 -20       0      0      0 I   0.0   0.0   0:00.00 kworker+
     29 root      20   0       0      0      0 S   0.0   0.0   0:00.00 kdevtmp+
     30 root       0 -20       0      0      0 I   0.0   0.0   0:00.00 kworker+
     32 root      20   0       0      0      0 S   0.0   0.0   0:00.00 kauditd
     33 root      20   0       0      0      0 S   0.0   0.0   0:00.24 khungta+
     34 root      20   0       0      0      0 S   0.0   0.0   0:00.00 oom_rea+
     35 root       0 -20       0      0      0 I   0.0   0.0   0:00.00 kworker+
     37 root      20   0       0      0      0 S   0.0   0.0   0:02.74 kcompac+
     38 root      25   5       0      0      0 S   0.0   0.0   0:00.00 ksmd
     40 root      39  19       0      0      0 S   0.0   0.0   0:00.00 khugepa+
     41 root       0 -20       0      0      0 I   0.0   0.0   0:00.00 kworker+
     42 root       0 -20       0      0      0 I   0.0   0.0   0:00.00 kworker+
     43 root       0 -20       0      0      0 I   0.0   0.0   0:00.00 kworker+
     44 root     -51   0       0      0      0 S   0.0   0.0   0:00.00 irq/9-a+
     45 root       0 -20       0      0      0 I   0.0   0.0   0:00.00 kworker+
     46 root       0 -20       0      0      0 I   0.0   0.0   0:00.00 kworker+
     47 root       0 -20       0      0      0 I   0.0   0.0   0:00.00 kworker+
     48 root       0 -20       0      0      0 I   0.0   0.0   0:00.00 kworker+
     49 root       0 -20       0      0      0 I   0.0   0.0   0:00.00 kworker+
     50 root       0 -20       0      0      0 I   0.0   0.0   0:00.00 kworker+
     51 root     -51   0       0      0      0 S   0.0   0.0   0:00.00 watchdo+
     53 root       0 -20       0      0      0 I   0.0   0.0   0:00.31 kworker+
     54 root      20   0       0      0      0 S   0.0   0.0   0:00.04 kswapd0
     55 root      20   0       0      0      0 S   0.0   0.0   0:00.00 ecryptf+
     56 root       0 -20       0      0      0 I   0.0   0.0   0:00.00 kworker+
     57 root       0 -20       0      0      0 I   0.0   0.0   0:00.00 kworker+
     58 root      20   0       0      0      0 S   0.0   0.0   0:00.00 scsi_eh+
     59 root       0 -20       0      0      0 I   0.0   0.0   0:00.00 kworker+
     60 root      20   0       0      0      0 S   0.0   0.0   0:00.00 scsi_eh+
     61 root       0 -20       0      0      0 I   0.0   0.0   0:00.00 kworker+
     63 root       0 -20       0      0      0 I   0.0   0.0   0:00.00 kworker+
     64 root       0 -20       0      0      0 I   0.0   0.0   0:00.33 kworker+
     65 root       0 -20       0      0      0 I   0.0   0.0   0:00.00 kworker+
     72 root       0 -20       0      0      0 I   0.0   0.0   0:00.00 kworker+
     74 root       0 -20       0      0      0 I   0.0   0.0   0:00.00 kworker+
     75 root       0 -20       0      0      0 I   0.0   0.0   0:00.00 kworker+
     76 root       0 -20       0      0      0 I   0.0   0.0   0:00.00 kworker+
     81 root       0 -20       0      0      0 I   0.0   0.0   0:00.00 kworker+
     92 root       0 -20       0      0      0 I   0.0   0.0   0:00.00 kworker+
    144 root      20   0       0      0      0 I   0.0   0.0   0:00.00 kworker+
    184 root       0 -20       0      0      0 I   0.0   0.0   0:00.00 kworker+
    222 root       0 -20       0      0      0 I   0.0   0.0   0:00.00 kworker+
    292 root      19  -1   34372  14652  13628 S   0.0   0.7   0:04.48 systemd+
    312 root       0 -20       0      0      0 I   0.0   0.0   0:00.00 kworker+
    316 root       0 -20       0      0      0 I   0.0   0.0   0:00.00 kworker+
    347 root      rt   0  288952  27136   8704 S   0.0   1.3   0:08.35 multipa+
    362 root      20   0   26084   7628   4940 S   0.0   0.4   0:00.48 systemd+
    373 root      -2   0       0      0      0 S   0.0   0.0   0:00.00 psimon
    460 root      20   0       0      0      0 S   0.0   0.0   0:00.00 jbd2/vd+
    462 root       0 -20       0      0      0 I   0.0   0.0   0:00.00 kworker+
    540 systemd+  20   0   91020   7808   6912 S   0.0   0.4   0:00.73 systemd+
    630 systemd+  20   0   19000   9088   7936 S   0.0   0.5   0:00.30 systemd+
    724 systemd+  20   0   21560  12928  10752 S   0.0   0.6   0:00.36 systemd+
    807 message+  20   0    9940   5504   4608 S   0.0   0.3   0:00.61 dbus-da+
    812 polkitd   20   0  308160   7808   7040 S   0.0   0.4   0:00.13 polkitd
    815 root      20   0   18152   8704   7808 S   0.0   0.4   0:00.48 systemd+
    816 root      20   0  468936  13312  11264 S   0.0   0.7   0:02.22 udisksd
    838 root      20   0  333372  18304  15872 S   0.0   0.9   0:02.33 Network+
    841 syslog    20   0  222508   6016   4608 S   0.0   0.3   0:00.97 rsyslogd
    863 root      20   0  392024  12544  10624 S   0.0   0.6   0:00.15 ModemMa+
    926 root      20   0 1003088   7616   4096 S   0.0   0.4   0:18.11 beget-a+
    932 root      20   0  109644  23040  13696 S   0.0   1.1   0:00.13 unatten+
    941 root      20   0    6824   2688   2560 S   0.0   0.1   0:00.51 cron
    944 root      20   0   12020   7936   6912 S   0.0   0.4   0:02.02 sshd
    954 root      20   0    5720   2176   2048 S   0.0   0.1   0:00.02 agetty
    960 root      20   0    6104   1920   1792 S   0.0   0.1   0:00.03 agetty
   1376 root       0 -20       0      0      0 I   0.0   0.0   0:00.00 kworker+
   3663 root      20   0       0      0      0 I   0.0   0.0   0:04.10 kworker+
   3682 root      20   0   15568   9400   6912 S   0.0   0.5   0:11.96 sshd
   3685 root      -2   0       0      0      0 S   0.0   0.0   0:00.00 psimon
   3687 root      20   0   20084  11136   9344 S   0.0   0.6   0:00.19 systemd
   3689 root      20   0   21152   3504   1792 S   0.0   0.2   0:00.00 (sd-pam)
   3694 root      -2   0       0      0      0 S   0.0   0.0   0:00.00 psimon
   3800 root      20   0    7472   3840   3584 S   0.0   0.2   0:00.00 bash
   3806 root      20   0    2800   1920   1792 S   0.0   0.1   0:00.05 sh
   3826 root      20   0   42544  26676  12032 S   0.0   1.3   0:23.47 code-f1+
   3855 root      20   0    2800   1792   1792 S   0.0   0.1   0:00.00 sh
   3913 root      20   0    2800   1792   1792 S   0.0   0.1   0:00.00 sh
   4002 root      20   0    2800   1664   1664 S   0.0   0.1   0:00.00 sh
   4049 root      20   0    7736   4480   3840 S   0.0   0.2   0:00.29 bash
   4364 root      20   0  995308  54184  40832 S   0.0   2.7   0:03.30 node
   6419 root      20   0    7736   4352   3712 S   0.0   0.2   0:00.02 bash
  10159 root      20   0 1003176  66616  41216 S   0.0   3.3   0:06.66 node
  10289 root      20   0       0      0      0 I   0.0   0.0   0:00.33 kworker+
  10382 root      20   0       0      0      0 I   0.0   0.0   0:00.75 kworker+
  10568 root      20   0       0      0      0 I   0.0   0.0   0:00.34 kworker+
  10600 root      20   0       0      0      0 I   0.0   0.0   0:00.24 kworker+
  11529 root      20   0       0      0      0 I   0.0   0.0   0:00.18 kworker+
  11676 root      20   0       0      0      0 I   0.0   0.0   0:00.00 kworker+
  11689 root      20   0       0      0      0 I   0.0   0.0   0:00.08 kworker+
  12040 root      20   0       0      0      0 I   0.0   0.0   0:00.08 kworker+
  12066 root      20   0       0      0      0 I   0.0   0.0   0:00.19 kworker+
  12404 root      20   0       0      0      0 I   0.0   0.0   0:00.00 kworker+
  12607 root      20   0       0      0      0 I   0.0   0.0   0:00.00 kworker+
  12675 root      20   0    7736   2700   1920 S   0.0   0.1   0:00.00 bash
  12825 root      20   0    7472   3584   3328 S   0.0   0.2   0:00.00 run_par+
  12828 root      20   0    5704   2304   2176 S   0.0   0.1   0:00.00 mpstat
  12830 root      20   0    7472   2128   1920 S   0.0   0.1   0:00.00 run_par+
  12831 root      20   0    7472   2128   1920 S   0.0   0.1   0:00.00 run_par+
  12861 root      20   0    5684   1920   1920 S   0.0   0.1   0:00.00 sleep
  12898 root      20   0    2800   1664   1664 S   0.0   0.1   0:00.00 sh
  12899 root      20   0    7340   3584   3328 S   0.0   0.2   0:00.00 cpuUsag+
  12912 root      20   0    5684   1920   1920 S   0.0   0.1   0:00.00 sleep

top - 18:46:36 up 11:29,  1 user,  load average: 1.62, 0.70, 0.40
Tasks: 133 total,   3 running, 130 sleeping,   0 stopped,   0 zombie
%Cpu(s): 33.3 us, 66.3 sy,  0.0 ni,  0.0 id,  0.0 wa,  0.0 hi,  0.0 si,  0.3 st 
MiB Mem :   1967.8 total,    301.4 free,    616.7 used,   1220.3 buff/cache     
MiB Swap:      0.0 total,      0.0 free,      0.0 used.   1351.1 avail Mem 

    PID USER      PR  NI    VIRT    RES    SHR S  %CPU  %MEM     TIME+ COMMAND
  12891 root      20   0    5044   3072   2560 S  63.6   0.2   0:04.59 ltrace
  12889 root      20   0    5044   3072   2560 S  58.3   0.2   0:04.53 ltrace
  12890 root      20   0    2844   1408   1152 R  38.4   0.1   0:01.88 dedup
  12892 root      20   0    2844   1408   1152 R  31.5   0.1   0:01.64 dedup
   3948 root      20   0   11.3g 138036  49024 S   4.0   6.9   1:27.44 node
   3826 root      20   0   42544  26676  12032 S   0.7   1.3   0:23.49 code-f1+
   3859 root      20   0   11.3g 110148  46848 S   0.7   5.5   0:38.48 node
    347 root      rt   0  288952  27136   8704 S   0.3   1.3   0:08.36 multipa+
   3898 root      20   0   11.3g  77188  44160 S   0.3   3.8   0:32.53 node
   3959 root      20   0   11.2g  59620  43264 S   0.3   3.0   2:14.68 node
  12827 root      20   0   11900   5760   3712 R   0.3   0.3   0:00.04 top
      1 root      20   0   22404  13488   9392 S   0.0   0.7   0:07.50 systemd
      2 root      20   0       0      0      0 S   0.0   0.0   0:00.06 kthreadd
      3 root      20   0       0      0      0 S   0.0   0.0   0:00.00 pool_wo+
      4 root       0 -20       0      0      0 I   0.0   0.0   0:00.00 kworker+
      5 root       0 -20       0      0      0 I   0.0   0.0   0:00.00 kworker+
      6 root       0 -20       0      0      0 I   0.0   0.0   0:00.00 kworker+
      7 root       0 -20       0      0      0 I   0.0   0.0   0:00.00 kworker+
      9 root       0 -20       0      0      0 I   0.0   0.0   0:00.00 kworker+
     11 root      20   0       0      0      0 I   0.0   0.0   0:00.68 kworker+
     12 root       0 -20       0      0      0 I   0.0   0.0   0:00.00 kworker+
     13 root      20   0       0      0      0 I   0.0   0.0   0:00.00 rcu_tas+
     14 root      20   0       0      0      0 I   0.0   0.0   0:00.00 rcu_tas+
     15 root      20   0       0      0      0 I   0.0   0.0   0:00.00 rcu_tas+
     16 root      20   0       0      0      0 S   0.0   0.0   0:00.27 ksoftir+
     17 root      20   0       0      0      0 I   0.0   0.0   0:01.69 rcu_pre+
     18 root      rt   0       0      0      0 S   0.0   0.0   0:00.44 migrati+
     19 root     -51   0       0      0      0 S   0.0   0.0   0:00.00 idle_in+
     20 root      20   0       0      0      0 S   0.0   0.0   0:00.00 cpuhp/0
     21 root      20   0       0      0      0 S   0.0   0.0   0:00.00 cpuhp/1
     22 root     -51   0       0      0      0 S   0.0   0.0   0:00.00 idle_in+
     23 root      rt   0       0      0      0 S   0.0   0.0   0:00.57 migrati+
     24 root      20   0       0      0      0 S   0.0   0.0   0:00.38 ksoftir+
     26 root       0 -20       0      0      0 I   0.0   0.0   0:00.00 kworker+
     29 root      20   0       0      0      0 S   0.0   0.0   0:00.00 kdevtmp+
     30 root       0 -20       0      0      0 I   0.0   0.0   0:00.00 kworker+
     32 root      20   0       0      0      0 S   0.0   0.0   0:00.00 kauditd
     33 root      20   0       0      0      0 S   0.0   0.0   0:00.24 khungta+
     34 root      20   0       0      0      0 S   0.0   0.0   0:00.00 oom_rea+
     35 root       0 -20       0      0      0 I   0.0   0.0   0:00.00 kworker+
     37 root      20   0       0      0      0 S   0.0   0.0   0:02.74 kcompac+
     38 root      25   5       0      0      0 S   0.0   0.0   0:00.00 ksmd
     40 root      39  19       0      0      0 S   0.0   0.0   0:00.00 khugepa+
     41 root       0 -20       0      0      0 I   0.0   0.0   0:00.00 kworker+
     42 root       0 -20       0      0      0 I   0.0   0.0   0:00.00 kworker+
     43 root       0 -20       0      0      0 I   0.0   0.0   0:00.00 kworker+
     44 root     -51   0       0      0      0 S   0.0   0.0   0:00.00 irq/9-a+
     45 root       0 -20       0      0      0 I   0.0   0.0   0:00.00 kworker+
     46 root       0 -20       0      0      0 I   0.0   0.0   0:00.00 kworker+
     47 root       0 -20       0      0      0 I   0.0   0.0   0:00.00 kworker+
     48 root       0 -20       0      0      0 I   0.0   0.0   0:00.00 kworker+
     49 root       0 -20       0      0      0 I   0.0   0.0   0:00.00 kworker+
     50 root       0 -20       0      0      0 I   0.0   0.0   0:00.00 kworker+
     51 root     -51   0       0      0      0 S   0.0   0.0   0:00.00 watchdo+
     53 root       0 -20       0      0      0 I   0.0   0.0   0:00.31 kworker+
     54 root      20   0       0      0      0 S   0.0   0.0   0:00.04 kswapd0
     55 root      20   0       0      0      0 S   0.0   0.0   0:00.00 ecryptf+
     56 root       0 -20       0      0      0 I   0.0   0.0   0:00.00 kworker+
     57 root       0 -20       0      0      0 I   0.0   0.0   0:00.00 kworker+
     58 root      20   0       0      0      0 S   0.0   0.0   0:00.00 scsi_eh+
     59 root       0 -20       0      0      0 I   0.0   0.0   0:00.00 kworker+
     60 root      20   0       0      0      0 S   0.0   0.0   0:00.00 scsi_eh+
     61 root       0 -20       0      0      0 I   0.0   0.0   0:00.00 kworker+
     63 root       0 -20       0      0      0 I   0.0   0.0   0:00.00 kworker+
     64 root       0 -20       0      0      0 I   0.0   0.0   0:00.33 kworker+
     65 root       0 -20       0      0      0 I   0.0   0.0   0:00.00 kworker+
     72 root       0 -20       0      0      0 I   0.0   0.0   0:00.00 kworker+
     74 root       0 -20       0      0      0 I   0.0   0.0   0:00.00 kworker+
     75 root       0 -20       0      0      0 I   0.0   0.0   0:00.00 kworker+
     76 root       0 -20       0      0      0 I   0.0   0.0   0:00.00 kworker+
     81 root       0 -20       0      0      0 I   0.0   0.0   0:00.00 kworker+
     92 root       0 -20       0      0      0 I   0.0   0.0   0:00.00 kworker+
    144 root      20   0       0      0      0 I   0.0   0.0   0:00.00 kworker+
    184 root       0 -20       0      0      0 I   0.0   0.0   0:00.00 kworker+
    221 root      20   0       0      0      0 S   0.0   0.0   0:00.83 jbd2/vd+
    222 root       0 -20       0      0      0 I   0.0   0.0   0:00.00 kworker+
    292 root      19  -1   34372  14652  13628 S   0.0   0.7   0:04.48 systemd+
    312 root       0 -20       0      0      0 I   0.0   0.0   0:00.00 kworker+
    316 root       0 -20       0      0      0 I   0.0   0.0   0:00.00 kworker+
    362 root      20   0   26084   7628   4940 S   0.0   0.4   0:00.48 systemd+
    373 root      -2   0       0      0      0 S   0.0   0.0   0:00.00 psimon
    460 root      20   0       0      0      0 S   0.0   0.0   0:00.00 jbd2/vd+
    462 root       0 -20       0      0      0 I   0.0   0.0   0:00.00 kworker+
    540 systemd+  20   0   91020   7808   6912 S   0.0   0.4   0:00.73 systemd+
    630 systemd+  20   0   19000   9088   7936 S   0.0   0.5   0:00.30 systemd+
    724 systemd+  20   0   21560  12928  10752 S   0.0   0.6   0:00.36 systemd+
    807 message+  20   0    9940   5504   4608 S   0.0   0.3   0:00.61 dbus-da+
    812 polkitd   20   0  308160   7808   7040 S   0.0   0.4   0:00.13 polkitd
    815 root      20   0   18152   8704   7808 S   0.0   0.4   0:00.48 systemd+
    816 root      20   0  468936  13312  11264 S   0.0   0.7   0:02.22 udisksd
    838 root      20   0  333372  18304  15872 S   0.0   0.9   0:02.33 Network+
    841 syslog    20   0  222508   6016   4608 S   0.0   0.3   0:00.97 rsyslogd
    863 root      20   0  392024  12544  10624 S   0.0   0.6   0:00.15 ModemMa+
    926 root      20   0 1003088   7616   4096 S   0.0   0.4   0:18.11 beget-a+
    927 root      20   0  436896  37632  18048 S   0.0   1.9   1:05.25 fail2ba+
    932 root      20   0  109644  23040  13696 S   0.0   1.1   0:00.13 unatten+
    941 root      20   0    6824   2688   2560 S   0.0   0.1   0:00.51 cron
    944 root      20   0   12020   7936   6912 S   0.0   0.4   0:02.02 sshd
    954 root      20   0    5720   2176   2048 S   0.0   0.1   0:00.02 agetty
    960 root      20   0    6104   1920   1792 S   0.0   0.1   0:00.03 agetty
   1376 root       0 -20       0      0      0 I   0.0   0.0   0:00.00 kworker+
   3663 root      20   0       0      0      0 I   0.0   0.0   0:04.10 kworker+
   3682 root      20   0   15568   9400   6912 S   0.0   0.5   0:11.96 sshd
   3685 root      -2   0       0      0      0 S   0.0   0.0   0:00.00 psimon
   3687 root      20   0   20084  11136   9344 S   0.0   0.6   0:00.19 systemd
   3689 root      20   0   21152   3504   1792 S   0.0   0.2   0:00.00 (sd-pam)
   3694 root      -2   0       0      0      0 S   0.0   0.0   0:00.00 psimon
   3800 root      20   0    7472   3840   3584 S   0.0   0.2   0:00.00 bash
   3806 root      20   0    2800   1920   1792 S   0.0   0.1   0:00.05 sh
   3855 root      20   0    2800   1792   1792 S   0.0   0.1   0:00.00 sh
   3913 root      20   0    2800   1792   1792 S   0.0   0.1   0:00.00 sh
   4002 root      20   0    2800   1664   1664 S   0.0   0.1   0:00.00 sh
   4049 root      20   0    7736   4480   3840 S   0.0   0.2   0:00.29 bash
   4364 root      20   0  995308  54184  40832 S   0.0   2.7   0:03.30 node
   6419 root      20   0    7736   4352   3712 S   0.0   0.2   0:00.02 bash
  10159 root      20   0 1003176  66616  41216 S   0.0   3.3   0:06.66 node
  10289 root      20   0       0      0      0 I   0.0   0.0   0:00.33 kworker+
  10382 root      20   0       0      0      0 I   0.0   0.0   0:00.75 kworker+
  10568 root      20   0       0      0      0 I   0.0   0.0   0:00.34 kworker+
  10600 root      20   0       0      0      0 I   0.0   0.0   0:00.24 kworker+
  11529 root      20   0       0      0      0 I   0.0   0.0   0:00.18 kworker+
  11676 root      20   0       0      0      0 I   0.0   0.0   0:00.00 kworker+
  11689 root      20   0       0      0      0 I   0.0   0.0   0:00.08 kworker+
  12040 root      20   0       0      0      0 I   0.0   0.0   0:00.08 kworker+
  12066 root      20   0       0      0      0 I   0.0   0.0   0:00.19 kworker+
  12404 root      20   0       0      0      0 I   0.0   0.0   0:00.00 kworker+
  12607 root      20   0       0      0      0 I   0.0   0.0   0:00.00 kworker+
  12675 root      20   0    7736   2700   1920 S   0.0   0.1   0:00.00 bash
  12825 root      20   0    7472   3584   3328 S   0.0   0.2   0:00.00 run_par+
  12828 root      20   0    5704   2304   2176 S   0.0   0.1   0:00.00 mpstat
  12830 root      20   0    7472   2128   1920 S   0.0   0.1   0:00.00 run_par+
  12831 root      20   0    7472   2128   1920 S   0.0   0.1   0:00.00 run_par+
  12861 root      20   0    5684   1920   1920 S   0.0   0.1   0:00.00 sleep

top - 18:46:39 up 11:29,  1 user,  load average: 1.65, 0.73, 0.41
Tasks: 133 total,   3 running, 130 sleeping,   0 stopped,   0 zombie
%Cpu(s): 99.0 us,  0.7 sy,  0.0 ni,  0.0 id,  0.0 wa,  0.0 hi,  0.2 si,  0.2 st 
MiB Mem :   1967.8 total,    301.4 free,    616.6 used,   1220.3 buff/cache     
MiB Swap:      0.0 total,      0.0 free,      0.0 used.   1351.1 avail Mem 

    PID USER      PR  NI    VIRT    RES    SHR S  %CPU  %MEM     TIME+ COMMAND
  12943 root      20   0    2844   1408   1152 R  40.6   0.1   0:01.23 dedup
  12947 root      20   0    2844   1408   1152 R  31.7   0.1   0:00.96 dedup
    927 root      20   0  436896  37632  18048 S   0.3   1.9   1:05.26 fail2ba+
   3859 root      20   0   11.3g 110148  46848 S   0.3   5.5   0:38.49 node
   3948 root      20   0   11.3g 138420  49024 S   0.3   6.9   1:27.45 node
   3959 root      20   0   11.2g  59748  43264 S   0.3   3.0   2:14.69 node
   4364 root      20   0  995308  54184  40832 S   0.3   2.7   0:03.31 node
  12827 root      20   0   11900   5760   3712 R   0.3   0.3   0:00.05 top
      1 root      20   0   22404  13488   9392 S   0.0   0.7   0:07.50 systemd
      2 root      20   0       0      0      0 S   0.0   0.0   0:00.06 kthreadd
      3 root      20   0       0      0      0 S   0.0   0.0   0:00.00 pool_wo+
      4 root       0 -20       0      0      0 I   0.0   0.0   0:00.00 kworker+
      5 root       0 -20       0      0      0 I   0.0   0.0   0:00.00 kworker+
      6 root       0 -20       0      0      0 I   0.0   0.0   0:00.00 kworker+
      7 root       0 -20       0      0      0 I   0.0   0.0   0:00.00 kworker+
      9 root       0 -20       0      0      0 I   0.0   0.0   0:00.00 kworker+
     11 root      20   0       0      0      0 I   0.0   0.0   0:00.68 kworker+
     12 root       0 -20       0      0      0 I   0.0   0.0   0:00.00 kworker+
     13 root      20   0       0      0      0 I   0.0   0.0   0:00.00 rcu_tas+
     14 root      20   0       0      0      0 I   0.0   0.0   0:00.00 rcu_tas+
     15 root      20   0       0      0      0 I   0.0   0.0   0:00.00 rcu_tas+
     16 root      20   0       0      0      0 S   0.0   0.0   0:00.27 ksoftir+
     17 root      20   0       0      0      0 I   0.0   0.0   0:01.69 rcu_pre+
     18 root      rt   0       0      0      0 S   0.0   0.0   0:00.44 migrati+
     19 root     -51   0       0      0      0 S   0.0   0.0   0:00.00 idle_in+
     20 root      20   0       0      0      0 S   0.0   0.0   0:00.00 cpuhp/0
     21 root      20   0       0      0      0 S   0.0   0.0   0:00.00 cpuhp/1
     22 root     -51   0       0      0      0 S   0.0   0.0   0:00.00 idle_in+
     23 root      rt   0       0      0      0 S   0.0   0.0   0:00.57 migrati+
     24 root      20   0       0      0      0 S   0.0   0.0   0:00.38 ksoftir+
     26 root       0 -20       0      0      0 I   0.0   0.0   0:00.00 kworker+
     29 root      20   0       0      0      0 S   0.0   0.0   0:00.00 kdevtmp+
     30 root       0 -20       0      0      0 I   0.0   0.0   0:00.00 kworker+
     32 root      20   0       0      0      0 S   0.0   0.0   0:00.00 kauditd
     33 root      20   0       0      0      0 S   0.0   0.0   0:00.24 khungta+
     34 root      20   0       0      0      0 S   0.0   0.0   0:00.00 oom_rea+
     35 root       0 -20       0      0      0 I   0.0   0.0   0:00.00 kworker+
     37 root      20   0       0      0      0 S   0.0   0.0   0:02.74 kcompac+
     38 root      25   5       0      0      0 S   0.0   0.0   0:00.00 ksmd
     40 root      39  19       0      0      0 S   0.0   0.0   0:00.00 khugepa+
     41 root       0 -20       0      0      0 I   0.0   0.0   0:00.00 kworker+
     42 root       0 -20       0      0      0 I   0.0   0.0   0:00.00 kworker+
     43 root       0 -20       0      0      0 I   0.0   0.0   0:00.00 kworker+
     44 root     -51   0       0      0      0 S   0.0   0.0   0:00.00 irq/9-a+
     45 root       0 -20       0      0      0 I   0.0   0.0   0:00.00 kworker+
     46 root       0 -20       0      0      0 I   0.0   0.0   0:00.00 kworker+
     47 root       0 -20       0      0      0 I   0.0   0.0   0:00.00 kworker+
     48 root       0 -20       0      0      0 I   0.0   0.0   0:00.00 kworker+
     49 root       0 -20       0      0      0 I   0.0   0.0   0:00.00 kworker+
     50 root       0 -20       0      0      0 I   0.0   0.0   0:00.00 kworker+
     51 root     -51   0       0      0      0 S   0.0   0.0   0:00.00 watchdo+
     53 root       0 -20       0      0      0 I   0.0   0.0   0:00.31 kworker+
     54 root      20   0       0      0      0 S   0.0   0.0   0:00.04 kswapd0
     55 root      20   0       0      0      0 S   0.0   0.0   0:00.00 ecryptf+
     56 root       0 -20       0      0      0 I   0.0   0.0   0:00.00 kworker+
     57 root       0 -20       0      0      0 I   0.0   0.0   0:00.00 kworker+
     58 root      20   0       0      0      0 S   0.0   0.0   0:00.00 scsi_eh+
     59 root       0 -20       0      0      0 I   0.0   0.0   0:00.00 kworker+
     60 root      20   0       0      0      0 S   0.0   0.0   0:00.00 scsi_eh+
     61 root       0 -20       0      0      0 I   0.0   0.0   0:00.00 kworker+
     63 root       0 -20       0      0      0 I   0.0   0.0   0:00.00 kworker+
     64 root       0 -20       0      0      0 I   0.0   0.0   0:00.33 kworker+
     65 root       0 -20       0      0      0 I   0.0   0.0   0:00.00 kworker+
     72 root       0 -20       0      0      0 I   0.0   0.0   0:00.00 kworker+
     74 root       0 -20       0      0      0 I   0.0   0.0   0:00.00 kworker+
     75 root       0 -20       0      0      0 I   0.0   0.0   0:00.00 kworker+
     76 root       0 -20       0      0      0 I   0.0   0.0   0:00.00 kworker+
     81 root       0 -20       0      0      0 I   0.0   0.0   0:00.00 kworker+
     92 root       0 -20       0      0      0 I   0.0   0.0   0:00.00 kworker+
    144 root      20   0       0      0      0 I   0.0   0.0   0:00.00 kworker+
    184 root       0 -20       0      0      0 I   0.0   0.0   0:00.00 kworker+
    221 root      20   0       0      0      0 S   0.0   0.0   0:00.83 jbd2/vd+
    222 root       0 -20       0      0      0 I   0.0   0.0   0:00.00 kworker+
    292 root      19  -1   34372  14652  13628 S   0.0   0.7   0:04.48 systemd+
    312 root       0 -20       0      0      0 I   0.0   0.0   0:00.00 kworker+
    316 root       0 -20       0      0      0 I   0.0   0.0   0:00.00 kworker+
    347 root      rt   0  288952  27136   8704 S   0.0   1.3   0:08.36 multipa+
    362 root      20   0   26084   7628   4940 S   0.0   0.4   0:00.48 systemd+
    373 root      -2   0       0      0      0 S   0.0   0.0   0:00.00 psimon
    460 root      20   0       0      0      0 S   0.0   0.0   0:00.00 jbd2/vd+
    462 root       0 -20       0      0      0 I   0.0   0.0   0:00.00 kworker+
    540 systemd+  20   0   91020   7808   6912 S   0.0   0.4   0:00.73 systemd+
    630 systemd+  20   0   19000   9088   7936 S   0.0   0.5   0:00.30 systemd+
    724 systemd+  20   0   21560  12928  10752 S   0.0   0.6   0:00.36 systemd+
    807 message+  20   0    9940   5504   4608 S   0.0   0.3   0:00.61 dbus-da+
    812 polkitd   20   0  308160   7808   7040 S   0.0   0.4   0:00.13 polkitd
    815 root      20   0   18152   8704   7808 S   0.0   0.4   0:00.48 systemd+
    816 root      20   0  468936  13312  11264 S   0.0   0.7   0:02.22 udisksd
    838 root      20   0  333372  18304  15872 S   0.0   0.9   0:02.33 Network+
    841 syslog    20   0  222508   6016   4608 S   0.0   0.3   0:00.97 rsyslogd
    863 root      20   0  392024  12544  10624 S   0.0   0.6   0:00.15 ModemMa+
    926 root      20   0 1003088   7616   4096 S   0.0   0.4   0:18.11 beget-a+
    932 root      20   0  109644  23040  13696 S   0.0   1.1   0:00.13 unatten+
    941 root      20   0    6824   2688   2560 S   0.0   0.1   0:00.51 cron
    944 root      20   0   12020   7936   6912 S   0.0   0.4   0:02.02 sshd
    954 root      20   0    5720   2176   2048 S   0.0   0.1   0:00.02 agetty
    960 root      20   0    6104   1920   1792 S   0.0   0.1   0:00.03 agetty
   1376 root       0 -20       0      0      0 I   0.0   0.0   0:00.00 kworker+
   3663 root      20   0       0      0      0 I   0.0   0.0   0:04.10 kworker+
   3682 root      20   0   15568   9400   6912 S   0.0   0.5   0:11.96 sshd
   3685 root      -2   0       0      0      0 S   0.0   0.0   0:00.00 psimon
   3687 root      20   0   20084  11136   9344 S   0.0   0.6   0:00.19 systemd
   3689 root      20   0   21152   3504   1792 S   0.0   0.2   0:00.00 (sd-pam)
   3694 root      -2   0       0      0      0 S   0.0   0.0   0:00.00 psimon
   3800 root      20   0    7472   3840   3584 S   0.0   0.2   0:00.00 bash
   3806 root      20   0    2800   1920   1792 S   0.0   0.1   0:00.05 sh
   3826 root      20   0   42544  26676  12032 S   0.0   1.3   0:23.49 code-f1+
   3855 root      20   0    2800   1792   1792 S   0.0   0.1   0:00.00 sh
   3898 root      20   0   11.3g  77188  44160 S   0.0   3.8   0:32.53 node
   3913 root      20   0    2800   1792   1792 S   0.0   0.1   0:00.00 sh
   4002 root      20   0    2800   1664   1664 S   0.0   0.1   0:00.00 sh
   4049 root      20   0    7736   4480   3840 S   0.0   0.2   0:00.29 bash
   6419 root      20   0    7736   4352   3712 S   0.0   0.2   0:00.02 bash
  10159 root      20   0 1003176  66616  41216 S   0.0   3.3   0:06.66 node
  10289 root      20   0       0      0      0 I   0.0   0.0   0:00.33 kworker+
  10382 root      20   0       0      0      0 I   0.0   0.0   0:00.75 kworker+
  10568 root      20   0       0      0      0 I   0.0   0.0   0:00.34 kworker+
  10600 root      20   0       0      0      0 I   0.0   0.0   0:00.24 kworker+
  11529 root      20   0       0      0      0 I   0.0   0.0   0:00.18 kworker+
  11676 root      20   0       0      0      0 I   0.0   0.0   0:00.00 kworker+
  11689 root      20   0       0      0      0 I   0.0   0.0   0:00.08 kworker+
  12040 root      20   0       0      0      0 I   0.0   0.0   0:00.08 kworker+
  12066 root      20   0       0      0      0 I   0.0   0.0   0:00.19 kworker+
  12404 root      20   0       0      0      0 I   0.0   0.0   0:00.00 kworker+
  12607 root      20   0       0      0      0 I   0.0   0.0   0:00.00 kworker+
  12675 root      20   0    7736   2700   1920 S   0.0   0.1   0:00.00 bash
  12825 root      20   0    7472   3584   3328 S   0.0   0.2   0:00.00 run_par+
  12828 root      20   0    5704   2304   2176 S   0.0   0.1   0:00.00 mpstat
  12830 root      20   0    7472   2128   1920 S   0.0   0.1   0:00.00 run_par+
  12831 root      20   0    7472   2128   1920 S   0.0   0.1   0:00.00 run_par+
  12861 root      20   0    5684   1920   1920 S   0.0   0.1   0:00.00 sleep
  12940 root      20   0    8300   3584   3072 S   0.0   0.2   0:00.00 strace
  12944 root      20   0    8300   3584   3072 S   0.0   0.2   0:00.00 strace
