Linux 6.8.0-49-generic (qtwdlxduwm) 	12/12/2024 	_x86_64_	(2 CPU)

09:16:27 PM  CPU    %usr   %nice    %sys %iowait    %irq   %soft  %steal  %guest  %gnice   %idle
09:16:28 PM  all   52.79    0.00   34.52   12.18    0.00    0.51    0.00    0.00    0.00    0.00
09:16:28 PM    0   53.06    0.00   34.69   12.24    0.00    0.00    0.00    0.00    0.00    0.00
09:16:28 PM    1   52.53    0.00   34.34   12.12    0.00    1.01    0.00    0.00    0.00    0.00

09:16:28 PM  CPU    %usr   %nice    %sys %iowait    %irq   %soft  %steal  %guest  %gnice   %idle
09:16:29 PM  all   11.40    0.00   63.73   24.35    0.00    0.52    0.00    0.00    0.00    0.00
09:16:29 PM    0   17.71    0.00   56.25   25.00    0.00    1.04    0.00    0.00    0.00    0.00
09:16:29 PM    1    5.15    0.00   71.13   23.71    0.00    0.00    0.00    0.00    0.00    0.00

09:16:29 PM  CPU    %usr   %nice    %sys %iowait    %irq   %soft  %steal  %guest  %gnice   %idle
09:16:30 PM  all   15.26    0.00   72.11   12.63    0.00    0.00    0.00    0.00    0.00    0.00
09:16:30 PM    0    5.26    0.00   82.11   12.63    0.00    0.00    0.00    0.00    0.00    0.00
09:16:30 PM    1   25.26    0.00   62.11   12.63    0.00    0.00    0.00    0.00    0.00    0.00

09:16:30 PM  CPU    %usr   %nice    %sys %iowait    %irq   %soft  %steal  %guest  %gnice   %idle
09:16:31 PM  all   14.66    0.00   63.87   19.37    0.00    1.05    1.05    0.00    0.00    0.00
09:16:31 PM    0   14.89    0.00   63.83   19.15    0.00    1.06    1.06    0.00    0.00    0.00
09:16:31 PM    1   14.43    0.00   63.92   19.59    0.00    1.03    1.03    0.00    0.00    0.00

09:16:31 PM  CPU    %usr   %nice    %sys %iowait    %irq   %soft  %steal  %guest  %gnice   %idle
09:16:32 PM  all   10.31    0.00   50.52   39.18    0.00    0.00    0.00    0.00    0.00    0.00
09:16:32 PM    0    8.25    0.00   52.58   39.18    0.00    0.00    0.00    0.00    0.00    0.00
09:16:32 PM    1   12.37    0.00   48.45   39.18    0.00    0.00    0.00    0.00    0.00    0.00

09:16:32 PM  CPU    %usr   %nice    %sys %iowait    %irq   %soft  %steal  %guest  %gnice   %idle
09:16:33 PM  all   12.95    0.00   66.84   19.17    0.00    1.04    0.00    0.00    0.00    0.00
09:16:33 PM    0   17.71    0.00   61.46   19.79    0.00    1.04    0.00    0.00    0.00    0.00
09:16:33 PM    1    8.25    0.00   72.16   18.56    0.00    1.03    0.00    0.00    0.00    0.00

09:16:33 PM  CPU    %usr   %nice    %sys %iowait    %irq   %soft  %steal  %guest  %gnice   %idle
09:16:34 PM  all   11.98    0.00   65.62   21.35    0.00    1.04    0.00    0.00    0.00    0.00
09:16:34 PM    0   14.43    0.00   62.89   21.65    0.00    1.03    0.00    0.00    0.00    0.00
09:16:34 PM    1    9.47    0.00   68.42   21.05    0.00    1.05    0.00    0.00    0.00    0.00

09:16:34 PM  CPU    %usr   %nice    %sys %iowait    %irq   %soft  %steal  %guest  %gnice   %idle
09:16:35 PM  all   11.58    0.00   62.11   26.32    0.00    0.00    0.00    0.00    0.00    0.00
09:16:35 PM    0   12.77    0.00   60.64   26.60    0.00    0.00    0.00    0.00    0.00    0.00
09:16:35 PM    1   10.42    0.00   63.54   26.04    0.00    0.00    0.00    0.00    0.00    0.00

09:16:35 PM  CPU    %usr   %nice    %sys %iowait    %irq   %soft  %steal  %guest  %gnice   %idle
09:16:36 PM  all   13.92    0.00   57.73   26.80    0.00    0.52    0.00    0.00    0.00    1.03
09:16:36 PM    0   21.65    0.00   49.48   28.87    0.00    0.00    0.00    0.00    0.00    0.00
09:16:36 PM    1    6.19    0.00   65.98   24.74    0.00    1.03    0.00    0.00    0.00    2.06

09:16:36 PM  CPU    %usr   %nice    %sys %iowait    %irq   %soft  %steal  %guest  %gnice   %idle
09:16:37 PM  all   15.03    0.00   66.32   17.62    0.00    1.04    0.00    0.00    0.00    0.00
09:16:37 PM    0   21.88    0.00   59.38   17.71    0.00    1.04    0.00    0.00    0.00    0.00
09:16:37 PM    1    8.25    0.00   73.20   17.53    0.00    1.03    0.00    0.00    0.00    0.00

09:16:37 PM  CPU    %usr   %nice    %sys %iowait    %irq   %soft  %steal  %guest  %gnice   %idle
09:16:38 PM  all   17.28    0.00   52.88   26.18    0.00    0.00    0.00    0.00    0.00    3.66
09:16:38 PM    0   18.95    0.00   51.58   25.26    0.00    0.00    0.00    0.00    0.00    4.21
09:16:38 PM    1   15.62    0.00   54.17   27.08    0.00    0.00    0.00    0.00    0.00    3.12

09:16:38 PM  CPU    %usr   %nice    %sys %iowait    %irq   %soft  %steal  %guest  %gnice   %idle
09:16:39 PM  all   16.93    0.00   51.85   28.04    0.00    0.00    0.00    0.00    0.00    3.17
09:16:39 PM    0   17.02    0.00   53.19   27.66    0.00    0.00    0.00    0.00    0.00    2.13
09:16:39 PM    1   16.84    0.00   50.53   28.42    0.00    0.00    0.00    0.00    0.00    4.21

09:16:39 PM  CPU    %usr   %nice    %sys %iowait    %irq   %soft  %steal  %guest  %gnice   %idle
09:16:40 PM  all   16.06    0.00   46.63   33.16    0.00    0.00    0.52    0.00    0.00    3.63
09:16:40 PM    0   17.53    0.00   44.33   30.93    0.00    0.00    1.03    0.00    0.00    6.19
09:16:40 PM    1   14.58    0.00   48.96   35.42    0.00    0.00    0.00    0.00    0.00    1.04

09:16:40 PM  CPU    %usr   %nice    %sys %iowait    %irq   %soft  %steal  %guest  %gnice   %idle
09:16:41 PM  all   15.62    0.00   40.62   39.06    0.00    0.00    0.00    0.00    0.00    4.69
09:16:41 PM    0   13.54    0.00   41.67   36.46    0.00    0.00    0.00    0.00    0.00    8.33
09:16:41 PM    1   17.71    0.00   39.58   41.67    0.00    0.00    0.00    0.00    0.00    1.04

09:16:41 PM  CPU    %usr   %nice    %sys %iowait    %irq   %soft  %steal  %guest  %gnice   %idle
09:16:42 PM  all   14.43    0.00   47.94   33.51    0.00    0.00    0.52    0.00    0.00    3.61
09:16:42 PM    0   12.37    0.00   49.48   34.02    0.00    0.00    0.00    0.00    0.00    4.12
09:16:42 PM    1   16.49    0.00   46.39   32.99    0.00    0.00    1.03    0.00    0.00    3.09

09:16:42 PM  CPU    %usr   %nice    %sys %iowait    %irq   %soft  %steal  %guest  %gnice   %idle
09:16:43 PM  all   15.10    0.00   52.60   25.00    0.00    0.00    0.00    0.00    0.00    7.29
09:16:43 PM    0   14.74    0.00   53.68   23.16    0.00    0.00    0.00    0.00    0.00    8.42
09:16:43 PM    1   15.46    0.00   51.55   26.80    0.00    0.00    0.00    0.00    0.00    6.19

09:16:43 PM  CPU    %usr   %nice    %sys %iowait    %irq   %soft  %steal  %guest  %gnice   %idle
09:16:44 PM  all   19.46    0.00   58.38   20.54    0.00    0.00    0.00    0.00    0.00    1.62
09:16:44 PM    0   15.22    0.00   63.04   20.65    0.00    0.00    0.00    0.00    0.00    1.09
09:16:44 PM    1   23.66    0.00   53.76   20.43    0.00    0.00    0.00    0.00    0.00    2.15

09:16:44 PM  CPU    %usr   %nice    %sys %iowait    %irq   %soft  %steal  %guest  %gnice   %idle
09:16:45 PM  all   14.06    0.00   44.79   33.33    0.00    0.52    0.00    0.00    0.00    7.29
09:16:45 PM    0   14.58    0.00   44.79   31.25    0.00    0.00    0.00    0.00    0.00    9.38
09:16:45 PM    1   13.54    0.00   44.79   35.42    0.00    1.04    0.00    0.00    0.00    5.21

09:16:45 PM  CPU    %usr   %nice    %sys %iowait    %irq   %soft  %steal  %guest  %gnice   %idle
09:16:46 PM  all   16.67    0.00   55.73   20.83    0.00    0.00    0.00    0.00    0.00    6.77
09:16:46 PM    0   18.56    0.00   53.61   22.68    0.00    0.00    0.00    0.00    0.00    5.15
09:16:46 PM    1   14.74    0.00   57.89   18.95    0.00    0.00    0.00    0.00    0.00    8.42

09:16:46 PM  CPU    %usr   %nice    %sys %iowait    %irq   %soft  %steal  %guest  %gnice   %idle
09:16:47 PM  all   14.51    0.00   43.01   38.86    0.00    0.00    0.00    0.00    0.00    3.63
09:16:47 PM    0   17.53    0.00   40.21   39.18    0.00    0.00    0.00    0.00    0.00    3.09
09:16:47 PM    1   11.46    0.00   45.83   38.54    0.00    0.00    0.00    0.00    0.00    4.17

09:16:47 PM  CPU    %usr   %nice    %sys %iowait    %irq   %soft  %steal  %guest  %gnice   %idle
09:16:48 PM  all   16.15    0.00   55.73   26.04    0.00    0.00    0.52    0.00    0.00    1.56
09:16:48 PM    0   15.62    0.00   57.29   25.00    0.00    0.00    1.04    0.00    0.00    1.04
09:16:48 PM    1   16.67    0.00   54.17   27.08    0.00    0.00    0.00    0.00    0.00    2.08

09:16:48 PM  CPU    %usr   %nice    %sys %iowait    %irq   %soft  %steal  %guest  %gnice   %idle
09:16:49 PM  all   16.15    0.00   52.60   28.65    0.00    0.00    0.52    0.00    0.00    2.08
09:16:49 PM    0   15.79    0.00   52.63   29.47    0.00    0.00    0.00    0.00    0.00    2.11
09:16:49 PM    1   16.49    0.00   52.58   27.84    0.00    0.00    1.03    0.00    0.00    2.06

09:16:49 PM  CPU    %usr   %nice    %sys %iowait    %irq   %soft  %steal  %guest  %gnice   %idle
09:16:50 PM  all   17.10    0.00   43.52   33.68    0.00    0.00    0.00    0.00    0.00    5.70
09:16:50 PM    0   14.58    0.00   46.88   33.33    0.00    0.00    0.00    0.00    0.00    5.21
09:16:50 PM    1   19.59    0.00   40.21   34.02    0.00    0.00    0.00    0.00    0.00    6.19

09:16:50 PM  CPU    %usr   %nice    %sys %iowait    %irq   %soft  %steal  %guest  %gnice   %idle
09:16:51 PM  all   13.23    0.00   25.40   52.38    0.00    0.00    0.00    0.00    0.00    8.99
09:16:51 PM    0    9.47    0.00   28.42   50.53    0.00    0.00    0.00    0.00    0.00   11.58
09:16:51 PM    1   17.02    0.00   22.34   54.26    0.00    0.00    0.00    0.00    0.00    6.38

09:16:51 PM  CPU    %usr   %nice    %sys %iowait    %irq   %soft  %steal  %guest  %gnice   %idle
09:16:52 PM  all   16.06    0.00   25.91   46.11    0.00    0.52    0.00    0.00    0.00   11.40
09:16:52 PM    0   12.77    0.00   25.53   43.62    0.00    0.00    0.00    0.00    0.00   18.09
09:16:52 PM    1   19.19    0.00   26.26   48.48    0.00    1.01    0.00    0.00    0.00    5.05

09:16:52 PM  CPU    %usr   %nice    %sys %iowait    %irq   %soft  %steal  %guest  %gnice   %idle
09:16:53 PM  all   15.54    0.00   30.57   48.70    0.00    0.00    0.00    0.00    0.00    5.18
09:16:53 PM    0   17.71    0.00   27.08   53.12    0.00    0.00    0.00    0.00    0.00    2.08
09:16:53 PM    1   13.40    0.00   34.02   44.33    0.00    0.00    0.00    0.00    0.00    8.25

09:16:53 PM  CPU    %usr   %nice    %sys %iowait    %irq   %soft  %steal  %guest  %gnice   %idle
09:16:54 PM  all   13.99    0.00   23.32   38.86    0.00    0.00    0.00    0.00    0.00   23.83
09:16:54 PM    0    9.38    0.00   29.17   43.75    0.00    0.00    0.00    0.00    0.00   17.71
09:16:54 PM    1   18.56    0.00   17.53   34.02    0.00    0.00    0.00    0.00    0.00   29.90

09:16:54 PM  CPU    %usr   %nice    %sys %iowait    %irq   %soft  %steal  %guest  %gnice   %idle
09:16:55 PM  all   13.54    0.00   22.40   40.10    0.00    0.00    0.00    0.00    0.00   23.96
09:16:55 PM    0   16.67    0.00   16.67   34.38    0.00    0.00    0.00    0.00    0.00   32.29
09:16:55 PM    1   10.42    0.00   28.12   45.83    0.00    0.00    0.00    0.00    0.00   15.62

09:16:55 PM  CPU    %usr   %nice    %sys %iowait    %irq   %soft  %steal  %guest  %gnice   %idle
09:16:56 PM  all   15.90    0.00   24.62   41.03    0.00    0.00    0.51    0.00    0.00   17.95
09:16:56 PM    0   24.74    0.00   15.46   27.84    0.00    0.00    0.00    0.00    0.00   31.96
09:16:56 PM    1    7.14    0.00   33.67   54.08    0.00    0.00    1.02    0.00    0.00    4.08

09:16:56 PM  CPU    %usr   %nice    %sys %iowait    %irq   %soft  %steal  %guest  %gnice   %idle
09:16:57 PM  all   16.04    0.00   27.27   36.90    0.00    0.00    0.53    0.00    0.00   19.25
09:16:57 PM    0   25.00    0.00   16.67   19.79    0.00    0.00    1.04    0.00    0.00   37.50
09:16:57 PM    1    6.59    0.00   38.46   54.95    0.00    0.00    0.00    0.00    0.00    0.00

09:16:57 PM  CPU    %usr   %nice    %sys %iowait    %irq   %soft  %steal  %guest  %gnice   %idle
09:16:58 PM  all   13.23    0.00   24.87   34.92    0.00    0.53    0.00    0.00    0.00   26.46
09:16:58 PM    0   20.83    0.00   16.67   27.08    0.00    1.04    0.00    0.00    0.00   34.38
09:16:58 PM    1    5.38    0.00   33.33   43.01    0.00    0.00    0.00    0.00    0.00   18.28
