% time     seconds  usecs/call     calls    errors syscall
------ ----------- ----------- --------- --------- ----------------
 61.68    0.362265          39      9216           write
 36.94    0.216936          23      9271           read
  1.11    0.006524          58       111           openat
  0.20    0.001165          10       110           close
  0.05    0.000269         134         2           unlink
  0.02    0.000117          19         6           brk
  0.00    0.000011           5         2           lseek
  0.00    0.000006           6         1           getrandom
  0.00    0.000000           0         2           fstat
  0.00    0.000000           0         8           mmap
  0.00    0.000000           0         3           mprotect
  0.00    0.000000           0         1           munmap
  0.00    0.000000           0         2           pread64
  0.00    0.000000           0         1         1 access
  0.00    0.000000           0         1           execve
  0.00    0.000000           0         1           arch_prctl
  0.00    0.000000           0         1           set_tid_address
  0.00    0.000000           0         1           set_robust_list
  0.00    0.000000           0         1           prlimit64
  0.00    0.000000           0         1           rseq
------ ----------- ----------- --------- --------- ----------------
100.00    0.587293          31     18742         1 total
