Linux 6.8.0-49-generic (qtwdlxduwm) 	12/12/2024 	_x86_64_	(2 CPU)

09:17:05 PM  CPU    %usr   %nice    %sys %iowait    %irq   %soft  %steal  %guest  %gnice   %idle
09:17:06 PM  all   69.65    0.00   28.86    0.50    0.00    0.50    0.00    0.00    0.00    0.50
09:17:06 PM    0   68.00    0.00   32.00    0.00    0.00    0.00    0.00    0.00    0.00    0.00
09:17:06 PM    1   71.29    0.00   25.74    0.99    0.00    0.99    0.00    0.00    0.00    0.99

09:17:06 PM  CPU    %usr   %nice    %sys %iowait    %irq   %soft  %steal  %guest  %gnice   %idle
09:17:07 PM  all   15.93    0.00   40.11   28.02    0.00    3.30    0.00    0.00    0.00   12.64
09:17:07 PM    0   23.08    0.00   27.47   21.98    0.00    3.30    0.00    0.00    0.00   24.18
09:17:07 PM    1    8.79    0.00   52.75   34.07    0.00    3.30    0.00    0.00    0.00    1.10

09:17:07 PM  CPU    %usr   %nice    %sys %iowait    %irq   %soft  %steal  %guest  %gnice   %idle
09:17:08 PM  all   10.75    0.00   39.78   32.26    0.00    3.23    0.54    0.00    0.00   13.44
09:17:08 PM    0   11.96    0.00   32.61   27.17    0.00    3.26    0.00    0.00    0.00   25.00
09:17:08 PM    1    9.57    0.00   46.81   37.23    0.00    3.19    1.06    0.00    0.00    2.13

09:17:08 PM  CPU    %usr   %nice    %sys %iowait    %irq   %soft  %steal  %guest  %gnice   %idle
09:17:09 PM  all    9.04    0.00   30.32   41.49    0.00    3.19    0.53    0.00    0.00   15.43
09:17:09 PM    0   10.64    0.00   24.47   41.49    0.00    2.13    1.06    0.00    0.00   20.21
09:17:09 PM    1    7.45    0.00   36.17   41.49    0.00    4.26    0.00    0.00    0.00   10.64

09:17:09 PM  CPU    %usr   %nice    %sys %iowait    %irq   %soft  %steal  %guest  %gnice   %idle
09:17:10 PM  all   14.13    0.00   44.57   25.00    0.00    3.80    0.00    0.00    0.00   12.50
09:17:10 PM    0   16.30    0.00   42.39   26.09    0.00    3.26    0.00    0.00    0.00   11.96
09:17:10 PM    1   11.96    0.00   46.74   23.91    0.00    4.35    0.00    0.00    0.00   13.04

09:17:10 PM  CPU    %usr   %nice    %sys %iowait    %irq   %soft  %steal  %guest  %gnice   %idle
09:17:11 PM  all   11.54    0.00   46.70   30.22    0.00    3.30    0.00    0.00    0.00    8.24
09:17:11 PM    0   15.22    0.00   40.22   28.26    0.00    2.17    0.00    0.00    0.00   14.13
09:17:11 PM    1    7.78    0.00   53.33   32.22    0.00    4.44    0.00    0.00    0.00    2.22

09:17:11 PM  CPU    %usr   %nice    %sys %iowait    %irq   %soft  %steal  %guest  %gnice   %idle
09:17:12 PM  all   11.54    0.00   42.31   27.47    0.00    2.75    0.00    0.00    0.00   15.93
09:17:12 PM    0   11.11    0.00   40.00   28.89    0.00    2.22    0.00    0.00    0.00   17.78
09:17:12 PM    1   11.96    0.00   44.57   26.09    0.00    3.26    0.00    0.00    0.00   14.13

09:17:12 PM  CPU    %usr   %nice    %sys %iowait    %irq   %soft  %steal  %guest  %gnice   %idle
09:17:13 PM  all   13.23    0.00   47.09   13.23    0.00    3.17    0.53    0.00    0.00   22.75
09:17:13 PM    0   18.37    0.00   24.49    9.18    0.00    3.06    1.02    0.00    0.00   43.88
09:17:13 PM    1    7.69    0.00   71.43   17.58    0.00    3.30    0.00    0.00    0.00    0.00

09:17:13 PM  CPU    %usr   %nice    %sys %iowait    %irq   %soft  %steal  %guest  %gnice   %idle
09:17:14 PM  all   13.98    0.00   59.14   10.75    0.00    3.23    0.00    0.00    0.00   12.90
09:17:14 PM    0   13.33    0.00   58.89   12.22    0.00    4.44    0.00    0.00    0.00   11.11
09:17:14 PM    1   14.58    0.00   59.38    9.38    0.00    2.08    0.00    0.00    0.00   14.58

09:17:14 PM  CPU    %usr   %nice    %sys %iowait    %irq   %soft  %steal  %guest  %gnice   %idle
09:17:15 PM  all   13.00    0.00   63.50   22.50    0.00    0.00    0.50    0.00    0.00    0.50
09:17:15 PM    0   11.88    0.00   64.36   21.78    0.00    0.00    0.99    0.00    0.00    0.99
09:17:15 PM    1   14.14    0.00   62.63   23.23    0.00    0.00    0.00    0.00    0.00    0.00

09:17:15 PM  CPU    %usr   %nice    %sys %iowait    %irq   %soft  %steal  %guest  %gnice   %idle
09:17:16 PM  all   12.56    0.00   71.86   14.07    0.00    0.50    0.50    0.00    0.00    0.50
09:17:16 PM    0   11.22    0.00   73.47   14.29    0.00    0.00    0.00    0.00    0.00    1.02
09:17:16 PM    1   13.86    0.00   70.30   13.86    0.00    0.99    0.99    0.00    0.00    0.00

09:17:16 PM  CPU    %usr   %nice    %sys %iowait    %irq   %soft  %steal  %guest  %gnice   %idle
09:17:17 PM  all   14.80    0.00   81.12    4.08    0.00    0.00    0.00    0.00    0.00    0.00
09:17:17 PM    0   10.20    0.00   85.71    4.08    0.00    0.00    0.00    0.00    0.00    0.00
09:17:17 PM    1   19.39    0.00   76.53    4.08    0.00    0.00    0.00    0.00    0.00    0.00

09:17:17 PM  CPU    %usr   %nice    %sys %iowait    %irq   %soft  %steal  %guest  %gnice   %idle
09:17:18 PM  all   11.11    0.00   63.13   25.76    0.00    0.00    0.00    0.00    0.00    0.00
09:17:18 PM    0    8.08    0.00   64.65   27.27    0.00    0.00    0.00    0.00    0.00    0.00
09:17:18 PM    1   14.14    0.00   61.62   24.24    0.00    0.00    0.00    0.00    0.00    0.00

09:17:18 PM  CPU    %usr   %nice    %sys %iowait    %irq   %soft  %steal  %guest  %gnice   %idle
09:17:19 PM  all   13.13    0.00   75.76   11.11    0.00    0.00    0.00    0.00    0.00    0.00
09:17:19 PM    0   10.00    0.00   79.00   11.00    0.00    0.00    0.00    0.00    0.00    0.00
09:17:19 PM    1   16.33    0.00   72.45   11.22    0.00    0.00    0.00    0.00    0.00    0.00

09:17:19 PM  CPU    %usr   %nice    %sys %iowait    %irq   %soft  %steal  %guest  %gnice   %idle
09:17:20 PM  all   12.50    0.00   81.50    6.00    0.00    0.00    0.00    0.00    0.00    0.00
09:17:20 PM    0    9.09    0.00   84.85    6.06    0.00    0.00    0.00    0.00    0.00    0.00
09:17:20 PM    1   15.84    0.00   78.22    5.94    0.00    0.00    0.00    0.00    0.00    0.00

09:17:20 PM  CPU    %usr   %nice    %sys %iowait    %irq   %soft  %steal  %guest  %gnice   %idle
09:17:21 PM  all   12.18    0.00   81.22    6.09    0.00    0.00    0.00    0.00    0.00    0.51
09:17:21 PM    0    9.09    0.00   84.85    6.06    0.00    0.00    0.00    0.00    0.00    0.00
09:17:21 PM    1   15.31    0.00   77.55    6.12    0.00    0.00    0.00    0.00    0.00    1.02

09:17:21 PM  CPU    %usr   %nice    %sys %iowait    %irq   %soft  %steal  %guest  %gnice   %idle
09:17:22 PM  all   13.07    0.00   81.41    5.03    0.00    0.50    0.00    0.00    0.00    0.00
09:17:22 PM    0   10.10    0.00   84.85    5.05    0.00    0.00    0.00    0.00    0.00    0.00
09:17:22 PM    1   16.00    0.00   78.00    5.00    0.00    1.00    0.00    0.00    0.00    0.00

09:17:22 PM  CPU    %usr   %nice    %sys %iowait    %irq   %soft  %steal  %guest  %gnice   %idle
09:17:23 PM  all   11.06    0.00   72.36   15.08    0.00    0.00    0.00    0.00    0.00    1.51
09:17:23 PM    0   11.00    0.00   73.00   15.00    0.00    0.00    0.00    0.00    0.00    1.00
09:17:23 PM    1   11.11    0.00   71.72   15.15    0.00    0.00    0.00    0.00    0.00    2.02

09:17:23 PM  CPU    %usr   %nice    %sys %iowait    %irq   %soft  %steal  %guest  %gnice   %idle
09:17:24 PM  all   11.73    0.00   73.98   14.29    0.00    0.00    0.00    0.00    0.00    0.00
09:17:24 PM    0   10.20    0.00   75.51   14.29    0.00    0.00    0.00    0.00    0.00    0.00
09:17:24 PM    1   13.27    0.00   72.45   14.29    0.00    0.00    0.00    0.00    0.00    0.00

09:17:24 PM  CPU    %usr   %nice    %sys %iowait    %irq   %soft  %steal  %guest  %gnice   %idle
09:17:25 PM  all   11.56    0.00   62.31   26.13    0.00    0.00    0.00    0.00    0.00    0.00
09:17:25 PM    0   14.14    0.00   59.60   26.26    0.00    0.00    0.00    0.00    0.00    0.00
09:17:25 PM    1    9.00    0.00   65.00   26.00    0.00    0.00    0.00    0.00    0.00    0.00

09:17:25 PM  CPU    %usr   %nice    %sys %iowait    %irq   %soft  %steal  %guest  %gnice   %idle
09:17:26 PM  all   10.10    0.00   60.61   29.29    0.00    0.00    0.00    0.00    0.00    0.00
09:17:26 PM    0   14.00    0.00   57.00   29.00    0.00    0.00    0.00    0.00    0.00    0.00
09:17:26 PM    1    6.12    0.00   64.29   29.59    0.00    0.00    0.00    0.00    0.00    0.00

09:17:26 PM  CPU    %usr   %nice    %sys %iowait    %irq   %soft  %steal  %guest  %gnice   %idle
09:17:27 PM  all   10.45    0.00   77.61   11.44    0.00    0.00    0.50    0.00    0.00    0.00
09:17:27 PM    0   14.00    0.00   75.00   11.00    0.00    0.00    0.00    0.00    0.00    0.00
09:17:27 PM    1    6.93    0.00   80.20   11.88    0.00    0.00    0.99    0.00    0.00    0.00

09:17:27 PM  CPU    %usr   %nice    %sys %iowait    %irq   %soft  %steal  %guest  %gnice   %idle
09:17:28 PM  all   11.62    0.00   76.26   12.12    0.00    0.00    0.00    0.00    0.00    0.00
09:17:28 PM    0   14.00    0.00   74.00   12.00    0.00    0.00    0.00    0.00    0.00    0.00
09:17:28 PM    1    9.18    0.00   78.57   12.24    0.00    0.00    0.00    0.00    0.00    0.00

09:17:28 PM  CPU    %usr   %nice    %sys %iowait    %irq   %soft  %steal  %guest  %gnice   %idle
09:17:29 PM  all    9.55    0.00   68.34   19.10    0.00    0.00    0.50    0.00    0.00    2.51
09:17:29 PM    0   13.00    0.00   64.00   18.00    0.00    0.00    1.00    0.00    0.00    4.00
09:17:29 PM    1    6.06    0.00   72.73   20.20    0.00    0.00    0.00    0.00    0.00    1.01

09:17:29 PM  CPU    %usr   %nice    %sys %iowait    %irq   %soft  %steal  %guest  %gnice   %idle
09:17:30 PM  all   14.50    0.00   83.50    1.50    0.00    0.50    0.00    0.00    0.00    0.00
09:17:30 PM    0   15.15    0.00   83.84    1.01    0.00    0.00    0.00    0.00    0.00    0.00
09:17:30 PM    1   13.86    0.00   83.17    1.98    0.00    0.99    0.00    0.00    0.00    0.00

09:17:30 PM  CPU    %usr   %nice    %sys %iowait    %irq   %soft  %steal  %guest  %gnice   %idle
09:17:31 PM  all   12.56    0.00   67.34   18.59    0.00    0.00    0.00    0.00    0.00    1.51
09:17:31 PM    0   13.86    0.00   65.35   18.81    0.00    0.00    0.00    0.00    0.00    1.98
09:17:31 PM    1   11.22    0.00   69.39   18.37    0.00    0.00    0.00    0.00    0.00    1.02

09:17:31 PM  CPU    %usr   %nice    %sys %iowait    %irq   %soft  %steal  %guest  %gnice   %idle
09:17:32 PM  all    7.96    0.00   47.76   43.78    0.00    0.00    0.50    0.00    0.00    0.00
09:17:32 PM    0    7.00    0.00   49.00   44.00    0.00    0.00    0.00    0.00    0.00    0.00
09:17:32 PM    1    8.91    0.00   46.53   43.56    0.00    0.00    0.99    0.00    0.00    0.00

09:17:32 PM  CPU    %usr   %nice    %sys %iowait    %irq   %soft  %steal  %guest  %gnice   %idle
09:17:33 PM  all   11.56    0.00   86.93    1.51    0.00    0.00    0.00    0.00    0.00    0.00
09:17:33 PM    0   12.00    0.00   87.00    1.00    0.00    0.00    0.00    0.00    0.00    0.00
09:17:33 PM    1   11.11    0.00   86.87    2.02    0.00    0.00    0.00    0.00    0.00    0.00

09:17:33 PM  CPU    %usr   %nice    %sys %iowait    %irq   %soft  %steal  %guest  %gnice   %idle
09:17:34 PM  all    9.00    0.00   91.00    0.00    0.00    0.00    0.00    0.00    0.00    0.00
09:17:34 PM    0    8.00    0.00   92.00    0.00    0.00    0.00    0.00    0.00    0.00    0.00
09:17:34 PM    1   10.00    0.00   90.00    0.00    0.00    0.00    0.00    0.00    0.00    0.00

09:17:34 PM  CPU    %usr   %nice    %sys %iowait    %irq   %soft  %steal  %guest  %gnice   %idle
09:17:35 PM  all   45.23    0.00   53.27    0.00    0.00    0.00    0.00    0.00    0.00    1.51
09:17:35 PM    0   78.79    0.00   18.18    0.00    0.00    0.00    0.00    0.00    0.00    3.03
09:17:35 PM    1   12.00    0.00   88.00    0.00    0.00    0.00    0.00    0.00    0.00    0.00

09:17:35 PM  CPU    %usr   %nice    %sys %iowait    %irq   %soft  %steal  %guest  %gnice   %idle
09:17:36 PM  all   42.19    0.00   20.83   32.29    0.00    0.52    0.00    0.00    0.00    4.17
09:17:36 PM    0   20.00    0.00   18.95   55.79    0.00    1.05    0.00    0.00    0.00    4.21
09:17:36 PM    1   63.92    0.00   22.68    9.28    0.00    0.00    0.00    0.00    0.00    4.12

09:17:36 PM  CPU    %usr   %nice    %sys %iowait    %irq   %soft  %steal  %guest  %gnice   %idle
09:17:37 PM  all   13.30    0.00   15.43   41.49    0.00    0.00    0.00    0.00    0.00   29.79
09:17:37 PM    0   10.99    0.00   20.88   68.13    0.00    0.00    0.00    0.00    0.00    0.00
09:17:37 PM    1   15.46    0.00   10.31   16.49    0.00    0.00    0.00    0.00    0.00   57.73

09:17:37 PM  CPU    %usr   %nice    %sys %iowait    %irq   %soft  %steal  %guest  %gnice   %idle
09:17:38 PM  all   17.74    0.00   17.74   44.09    0.00    0.54    0.00    0.00    0.00   19.89
09:17:38 PM    0   14.44    0.00   22.22   58.89    0.00    0.00    0.00    0.00    0.00    4.44
09:17:38 PM    1   20.83    0.00   13.54   30.21    0.00    1.04    0.00    0.00    0.00   34.38

09:17:38 PM  CPU    %usr   %nice    %sys %iowait    %irq   %soft  %steal  %guest  %gnice   %idle
09:17:39 PM  all   14.74    0.00   15.26   54.21    0.00    0.00    0.00    0.00    0.00   15.79
09:17:39 PM    0   19.79    0.00   13.54   37.50    0.00    0.00    0.00    0.00    0.00   29.17
09:17:39 PM    1    9.57    0.00   17.02   71.28    0.00    0.00    0.00    0.00    0.00    2.13

09:17:39 PM  CPU    %usr   %nice    %sys %iowait    %irq   %soft  %steal  %guest  %gnice   %idle
09:17:40 PM  all   11.11    0.00   10.05   42.86    0.00    0.00    0.53    0.00    0.00   35.45
09:17:40 PM    0    7.37    0.00    7.37   30.53    0.00    0.00    1.05    0.00    0.00   53.68
09:17:40 PM    1   14.89    0.00   12.77   55.32    0.00    0.00    0.00    0.00    0.00   17.02
