Linux 6.8.0-49-generic (qtwdlxduwm) 	12/12/2024 	_x86_64_	(2 CPU)

06:45:55 PM  CPU    %usr   %nice    %sys %iowait    %irq   %soft  %steal  %guest  %gnice   %idle
06:45:56 PM  all   59.28    0.00   30.93    6.70    0.00    0.00    0.52    0.00    0.00    2.58
06:45:56 PM    0   53.68    0.00   37.89    7.37    0.00    0.00    0.00    0.00    0.00    1.05
06:45:56 PM    1   64.65    0.00   24.24    6.06    0.00    0.00    1.01    0.00    0.00    4.04

06:45:56 PM  CPU    %usr   %nice    %sys %iowait    %irq   %soft  %steal  %guest  %gnice   %idle
06:45:57 PM  all   14.95    0.00   62.89   21.13    0.00    1.03    0.00    0.00    0.00    0.00
06:45:57 PM    0    8.25    0.00   70.10   20.62    0.00    1.03    0.00    0.00    0.00    0.00
06:45:57 PM    1   21.65    0.00   55.67   21.65    0.00    1.03    0.00    0.00    0.00    0.00

06:45:57 PM  CPU    %usr   %nice    %sys %iowait    %irq   %soft  %steal  %guest  %gnice   %idle
06:45:58 PM  all   17.62    0.00   69.95   12.44    0.00    0.00    0.00    0.00    0.00    0.00
06:45:58 PM    0   12.37    0.00   75.26   12.37    0.00    0.00    0.00    0.00    0.00    0.00
06:45:58 PM    1   22.92    0.00   64.58   12.50    0.00    0.00    0.00    0.00    0.00    0.00

06:45:58 PM  CPU    %usr   %nice    %sys %iowait    %irq   %soft  %steal  %guest  %gnice   %idle
06:45:59 PM  all   17.71    0.00   69.27   13.02    0.00    0.00    0.00    0.00    0.00    0.00
06:45:59 PM    0   16.49    0.00   71.13   12.37    0.00    0.00    0.00    0.00    0.00    0.00
06:45:59 PM    1   18.95    0.00   67.37   13.68    0.00    0.00    0.00    0.00    0.00    0.00

06:45:59 PM  CPU    %usr   %nice    %sys %iowait    %irq   %soft  %steal  %guest  %gnice   %idle
06:46:00 PM  all   18.85    0.00   69.63    9.95    0.00    1.05    0.00    0.00    0.00    0.52
06:46:00 PM    0   17.02    0.00   71.28   10.64    0.00    1.06    0.00    0.00    0.00    0.00
06:46:00 PM    1   20.62    0.00   68.04    9.28    0.00    1.03    0.00    0.00    0.00    1.03

06:46:00 PM  CPU    %usr   %nice    %sys %iowait    %irq   %soft  %steal  %guest  %gnice   %idle
06:46:01 PM  all   13.27    0.00   51.02   35.20    0.00    0.00    0.51    0.00    0.00    0.00
06:46:01 PM    0    9.00    0.00   55.00   35.00    0.00    0.00    1.00    0.00    0.00    0.00
06:46:01 PM    1   17.71    0.00   46.88   35.42    0.00    0.00    0.00    0.00    0.00    0.00

06:46:01 PM  CPU    %usr   %nice    %sys %iowait    %irq   %soft  %steal  %guest  %gnice   %idle
06:46:02 PM  all   15.26    0.00   62.63   20.00    0.00    1.58    0.53    0.00    0.00    0.00
06:46:02 PM    0   14.74    0.00   65.26   18.95    0.00    1.05    0.00    0.00    0.00    0.00
06:46:02 PM    1   15.79    0.00   60.00   21.05    0.00    2.11    1.05    0.00    0.00    0.00

06:46:02 PM  CPU    %usr   %nice    %sys %iowait    %irq   %soft  %steal  %guest  %gnice   %idle
06:46:03 PM  all   16.23    0.00   70.16   13.09    0.00    0.00    0.00    0.00    0.00    0.52
06:46:03 PM    0    8.42    0.00   78.95   12.63    0.00    0.00    0.00    0.00    0.00    0.00
06:46:03 PM    1   23.96    0.00   61.46   13.54    0.00    0.00    0.00    0.00    0.00    1.04

06:46:03 PM  CPU    %usr   %nice    %sys %iowait    %irq   %soft  %steal  %guest  %gnice   %idle
06:46:04 PM  all   14.87    0.00   60.51   24.10    0.00    0.51    0.00    0.00    0.00    0.00
06:46:04 PM    0    4.17    0.00   71.88   23.96    0.00    0.00    0.00    0.00    0.00    0.00
06:46:04 PM    1   25.25    0.00   49.49   24.24    0.00    1.01    0.00    0.00    0.00    0.00

06:46:04 PM  CPU    %usr   %nice    %sys %iowait    %irq   %soft  %steal  %guest  %gnice   %idle
06:46:05 PM  all   18.23    0.00   56.25   20.83    0.00    0.52    0.52    0.00    0.00    3.65
06:46:05 PM    0    8.25    0.00   65.98   23.71    0.00    1.03    1.03    0.00    0.00    0.00
06:46:05 PM    1   28.42    0.00   46.32   17.89    0.00    0.00    0.00    0.00    0.00    7.37

06:46:05 PM  CPU    %usr   %nice    %sys %iowait    %irq   %soft  %steal  %guest  %gnice   %idle
06:46:06 PM  all   17.44    0.00   53.33   26.15    0.00    0.51    0.00    0.00    0.00    2.56
06:46:06 PM    0   23.71    0.00   46.39   25.77    0.00    0.00    0.00    0.00    0.00    4.12
06:46:06 PM    1   11.22    0.00   60.20   26.53    0.00    1.02    0.00    0.00    0.00    1.02

06:46:06 PM  CPU    %usr   %nice    %sys %iowait    %irq   %soft  %steal  %guest  %gnice   %idle
06:46:07 PM  all   21.05    0.00   59.47   15.79    0.00    0.00    0.00    0.00    0.00    3.68
06:46:07 PM    0   21.05    0.00   58.95   16.84    0.00    0.00    0.00    0.00    0.00    3.16
06:46:07 PM    1   21.05    0.00   60.00   14.74    0.00    0.00    0.00    0.00    0.00    4.21

06:46:07 PM  CPU    %usr   %nice    %sys %iowait    %irq   %soft  %steal  %guest  %gnice   %idle
06:46:08 PM  all   23.96    0.00   54.69   18.23    0.00    0.00    0.52    0.00    0.00    2.60
06:46:08 PM    0   26.04    0.00   54.17   16.67    0.00    0.00    0.00    0.00    0.00    3.12
06:46:08 PM    1   21.88    0.00   55.21   19.79    0.00    0.00    1.04    0.00    0.00    2.08

06:46:08 PM  CPU    %usr   %nice    %sys %iowait    %irq   %soft  %steal  %guest  %gnice   %idle
06:46:09 PM  all   18.42    0.00   55.26   17.37    0.00    0.00    0.00    0.00    0.00    8.95
06:46:09 PM    0   19.79    0.00   54.17   19.79    0.00    0.00    0.00    0.00    0.00    6.25
06:46:09 PM    1   17.02    0.00   56.38   14.89    0.00    0.00    0.00    0.00    0.00   11.70

06:46:09 PM  CPU    %usr   %nice    %sys %iowait    %irq   %soft  %steal  %guest  %gnice   %idle
06:46:10 PM  all   20.83    0.00   48.44   28.12    0.00    0.00    0.00    0.00    0.00    2.60
06:46:10 PM    0   22.92    0.00   46.88   29.17    0.00    0.00    0.00    0.00    0.00    1.04
06:46:10 PM    1   18.75    0.00   50.00   27.08    0.00    0.00    0.00    0.00    0.00    4.17

06:46:10 PM  CPU    %usr   %nice    %sys %iowait    %irq   %soft  %steal  %guest  %gnice   %idle
06:46:11 PM  all   18.75    0.00   47.40   29.69    0.00    0.00    1.04    0.00    0.00    3.12
06:46:11 PM    0   15.62    0.00   51.04   29.17    0.00    0.00    1.04    0.00    0.00    3.12
06:46:11 PM    1   21.88    0.00   43.75   30.21    0.00    0.00    1.04    0.00    0.00    3.12

06:46:11 PM  CPU    %usr   %nice    %sys %iowait    %irq   %soft  %steal  %guest  %gnice   %idle
06:46:12 PM  all   18.97    0.00   54.36   20.00    0.00    0.51    0.51    0.00    0.00    5.64
06:46:12 PM    0   20.62    0.00   52.58   21.65    0.00    0.00    1.03    0.00    0.00    4.12
06:46:12 PM    1   17.35    0.00   56.12   18.37    0.00    1.02    0.00    0.00    0.00    7.14

06:46:12 PM  CPU    %usr   %nice    %sys %iowait    %irq   %soft  %steal  %guest  %gnice   %idle
06:46:13 PM  all   17.11    0.00   52.41   27.81    0.00    0.00    0.53    0.00    0.00    2.14
06:46:13 PM    0   18.95    0.00   50.53   28.42    0.00    0.00    0.00    0.00    0.00    2.11
06:46:13 PM    1   15.22    0.00   54.35   27.17    0.00    0.00    1.09    0.00    0.00    2.17

06:46:13 PM  CPU    %usr   %nice    %sys %iowait    %irq   %soft  %steal  %guest  %gnice   %idle
06:46:14 PM  all   17.28    0.00   46.60   33.51    0.00    0.00    0.52    0.00    0.00    2.09
06:46:14 PM    0   16.84    0.00   46.32   33.68    0.00    0.00    0.00    0.00    0.00    3.16
06:46:14 PM    1   17.71    0.00   46.88   33.33    0.00    0.00    1.04    0.00    0.00    1.04

06:46:14 PM  CPU    %usr   %nice    %sys %iowait    %irq   %soft  %steal  %guest  %gnice   %idle
06:46:15 PM  all   19.37    0.00   51.83   23.04    0.00    0.00    0.00    0.00    0.00    5.76
06:46:15 PM    0   20.62    0.00   48.45   21.65    0.00    0.00    0.00    0.00    0.00    9.28
06:46:15 PM    1   18.09    0.00   55.32   24.47    0.00    0.00    0.00    0.00    0.00    2.13

06:46:15 PM  CPU    %usr   %nice    %sys %iowait    %irq   %soft  %steal  %guest  %gnice   %idle
06:46:16 PM  all   17.99    0.00   53.44   24.87    0.00    0.00    0.00    0.00    0.00    3.70
06:46:16 PM    0   17.71    0.00   52.08   25.00    0.00    0.00    0.00    0.00    0.00    5.21
06:46:16 PM    1   18.28    0.00   54.84   24.73    0.00    0.00    0.00    0.00    0.00    2.15

06:46:16 PM  CPU    %usr   %nice    %sys %iowait    %irq   %soft  %steal  %guest  %gnice   %idle
06:46:17 PM  all   16.49    0.00   42.27   38.66    0.00    0.00    0.00    0.00    0.00    2.58
06:46:17 PM    0   20.62    0.00   38.14   37.11    0.00    0.00    0.00    0.00    0.00    4.12
06:46:17 PM    1   12.37    0.00   46.39   40.21    0.00    0.00    0.00    0.00    0.00    1.03

06:46:17 PM  CPU    %usr   %nice    %sys %iowait    %irq   %soft  %steal  %guest  %gnice   %idle
06:46:18 PM  all   19.15    0.00   52.66   19.68    0.00    0.00    0.53    0.00    0.00    7.98
06:46:18 PM    0   19.15    0.00   51.06   14.89    0.00    0.00    1.06    0.00    0.00   13.83
06:46:18 PM    1   19.15    0.00   54.26   24.47    0.00    0.00    0.00    0.00    0.00    2.13

06:46:18 PM  CPU    %usr   %nice    %sys %iowait    %irq   %soft  %steal  %guest  %gnice   %idle
06:46:19 PM  all   21.88    0.00   51.04   20.31    0.00    0.00    0.00    0.00    0.00    6.77
06:46:19 PM    0   23.96    0.00   48.96   18.75    0.00    0.00    0.00    0.00    0.00    8.33
06:46:19 PM    1   19.79    0.00   53.12   21.88    0.00    0.00    0.00    0.00    0.00    5.21

06:46:19 PM  CPU    %usr   %nice    %sys %iowait    %irq   %soft  %steal  %guest  %gnice   %idle
06:46:20 PM  all   24.47    0.00   36.70   34.04    0.00    0.53    0.00    0.00    0.00    4.26
06:46:20 PM    0   24.73    0.00   36.56   34.41    0.00    0.00    0.00    0.00    0.00    4.30
06:46:20 PM    1   24.21    0.00   36.84   33.68    0.00    1.05    0.00    0.00    0.00    4.21

06:46:20 PM  CPU    %usr   %nice    %sys %iowait    %irq   %soft  %steal  %guest  %gnice   %idle
06:46:21 PM  all   24.73    0.00   34.41   31.72    0.00    0.00    0.54    0.00    0.00    8.60
06:46:21 PM    0   24.73    0.00   33.33   30.11    0.00    0.00    0.00    0.00    0.00   11.83
06:46:21 PM    1   24.73    0.00   35.48   33.33    0.00    0.00    1.08    0.00    0.00    5.38

06:46:21 PM  CPU    %usr   %nice    %sys %iowait    %irq   %soft  %steal  %guest  %gnice   %idle
06:46:22 PM  all   23.78    0.00   33.51   37.84    0.00    0.54    0.00    0.00    0.00    4.32
06:46:22 PM    0   21.74    0.00   35.87   36.96    0.00    1.09    0.00    0.00    0.00    4.35
06:46:22 PM    1   25.81    0.00   31.18   38.71    0.00    0.00    0.00    0.00    0.00    4.30

06:46:22 PM  CPU    %usr   %nice    %sys %iowait    %irq   %soft  %steal  %guest  %gnice   %idle
06:46:23 PM  all   22.46    0.00   33.69   35.29    0.00    0.00    0.00    0.00    0.00    8.56
06:46:23 PM    0   16.13    0.00   39.78   40.86    0.00    0.00    0.00    0.00    0.00    3.23
06:46:23 PM    1   28.72    0.00   27.66   29.79    0.00    0.00    0.00    0.00    0.00   13.83

06:46:23 PM  CPU    %usr   %nice    %sys %iowait    %irq   %soft  %steal  %guest  %gnice   %idle
06:46:24 PM  all   21.47    0.00   28.27   46.60    0.00    0.00    0.00    0.00    0.00    3.66
06:46:24 PM    0   15.05    0.00   32.26   51.61    0.00    0.00    0.00    0.00    0.00    1.08
06:46:24 PM    1   27.55    0.00   24.49   41.84    0.00    0.00    0.00    0.00    0.00    6.12

06:46:24 PM  CPU    %usr   %nice    %sys %iowait    %irq   %soft  %steal  %guest  %gnice   %idle
06:46:25 PM  all   22.51    0.00   29.32   40.84    0.00    0.52    0.52    0.00    0.00    6.28
06:46:25 PM    0   26.04    0.00   25.00   41.67    0.00    0.00    1.04    0.00    0.00    6.25
06:46:25 PM    1   18.95    0.00   33.68   40.00    0.00    1.05    0.00    0.00    0.00    6.32

06:46:25 PM  CPU    %usr   %nice    %sys %iowait    %irq   %soft  %steal  %guest  %gnice   %idle
06:46:26 PM  all   25.40    0.00   35.45   25.40    0.00    0.00    0.00    0.00    0.00   13.76
06:46:26 PM    0   29.47    0.00   30.53   21.05    0.00    0.00    0.00    0.00    0.00   18.95
06:46:26 PM    1   21.28    0.00   40.43   29.79    0.00    0.00    0.00    0.00    0.00    8.51
