Linux 6.8.0-49-generic (qtwdlxduwm) 	12/12/2024 	_x86_64_	(2 CPU)

06:46:40 PM  CPU    %usr   %nice    %sys %iowait    %irq   %soft  %steal  %guest  %gnice   %idle
06:46:41 PM  all   74.75    0.00   23.27    0.00    0.00    0.50    0.50    0.00    0.00    0.99
06:46:41 PM    0   73.00    0.00   26.00    0.00    0.00    0.00    0.00    0.00    0.00    1.00
06:46:41 PM    1   76.47    0.00   20.59    0.00    0.00    0.98    0.98    0.00    0.00    0.98

06:46:41 PM  CPU    %usr   %nice    %sys %iowait    %irq   %soft  %steal  %guest  %gnice   %idle
06:46:42 PM  all   66.67    0.00   33.33    0.00    0.00    0.00    0.00    0.00    0.00    0.00
06:46:42 PM    0   67.00    0.00   33.00    0.00    0.00    0.00    0.00    0.00    0.00    0.00
06:46:42 PM    1   66.33    0.00   33.67    0.00    0.00    0.00    0.00    0.00    0.00    0.00

06:46:42 PM  CPU    %usr   %nice    %sys %iowait    %irq   %soft  %steal  %guest  %gnice   %idle
06:46:43 PM  all   59.70    0.00   39.80    0.50    0.00    0.00    0.00    0.00    0.00    0.00
06:46:43 PM    0   67.00    0.00   33.00    0.00    0.00    0.00    0.00    0.00    0.00    0.00
06:46:43 PM    1   52.48    0.00   46.53    0.99    0.00    0.00    0.00    0.00    0.00    0.00

06:46:43 PM  CPU    %usr   %nice    %sys %iowait    %irq   %soft  %steal  %guest  %gnice   %idle
06:46:44 PM  all   56.12    0.00   43.88    0.00    0.00    0.00    0.00    0.00    0.00    0.00
06:46:44 PM    0   57.14    0.00   42.86    0.00    0.00    0.00    0.00    0.00    0.00    0.00
06:46:44 PM    1   55.10    0.00   44.90    0.00    0.00    0.00    0.00    0.00    0.00    0.00

06:46:44 PM  CPU    %usr   %nice    %sys %iowait    %irq   %soft  %steal  %guest  %gnice   %idle
06:46:45 PM  all   61.19    0.00   38.31    0.00    0.00    0.00    0.50    0.00    0.00    0.00
06:46:45 PM    0   60.40    0.00   38.61    0.00    0.00    0.00    0.99    0.00    0.00    0.00
06:46:45 PM    1   62.00    0.00   38.00    0.00    0.00    0.00    0.00    0.00    0.00    0.00

06:46:45 PM  CPU    %usr   %nice    %sys %iowait    %irq   %soft  %steal  %guest  %gnice   %idle
06:46:46 PM  all   35.42    0.00   40.10   18.23    0.00    2.08    0.00    0.00    0.00    4.17
06:46:46 PM    0   17.89    0.00   52.63   18.95    0.00    2.11    0.00    0.00    0.00    8.42
06:46:46 PM    1   52.58    0.00   27.84   17.53    0.00    2.06    0.00    0.00    0.00    0.00

06:46:46 PM  CPU    %usr   %nice    %sys %iowait    %irq   %soft  %steal  %guest  %gnice   %idle
06:46:47 PM  all   14.92    0.00   51.38   18.78    0.00    3.87    0.00    0.00    0.00   11.05
06:46:47 PM    0   12.36    0.00   52.81   20.22    0.00    4.49    0.00    0.00    0.00   10.11
06:46:47 PM    1   17.39    0.00   50.00   17.39    0.00    3.26    0.00    0.00    0.00   11.96

06:46:47 PM  CPU    %usr   %nice    %sys %iowait    %irq   %soft  %steal  %guest  %gnice   %idle
06:46:48 PM  all   12.50    0.00   30.43   45.65    0.00    3.26    0.54    0.00    0.00    7.61
06:46:48 PM    0   13.19    0.00   30.77   47.25    0.00    3.30    0.00    0.00    0.00    5.49
06:46:48 PM    1   11.83    0.00   30.11   44.09    0.00    3.23    1.08    0.00    0.00    9.68

06:46:48 PM  CPU    %usr   %nice    %sys %iowait    %irq   %soft  %steal  %guest  %gnice   %idle
06:46:49 PM  all   15.73    0.00   51.69   14.61    0.00    4.49    0.56    0.00    0.00   12.92
06:46:49 PM    0   15.73    0.00   46.07   12.36    0.00    5.62    1.12    0.00    0.00   19.10
06:46:49 PM    1   15.73    0.00   57.30   16.85    0.00    3.37    0.00    0.00    0.00    6.74

06:46:49 PM  CPU    %usr   %nice    %sys %iowait    %irq   %soft  %steal  %guest  %gnice   %idle
06:46:50 PM  all   15.30    0.00   49.18   23.50    0.00    4.92    0.00    0.00    0.00    7.10
06:46:50 PM    0   13.19    0.00   52.75   25.27    0.00    5.49    0.00    0.00    0.00    3.30
06:46:50 PM    1   17.39    0.00   45.65   21.74    0.00    4.35    0.00    0.00    0.00   10.87

06:46:50 PM  CPU    %usr   %nice    %sys %iowait    %irq   %soft  %steal  %guest  %gnice   %idle
06:46:51 PM  all   15.38    0.00   77.95    4.10    0.00    1.54    0.00    0.00    0.00    1.03
06:46:51 PM    0    9.28    0.00   82.47    5.15    0.00    3.09    0.00    0.00    0.00    0.00
06:46:51 PM    1   21.43    0.00   73.47    3.06    0.00    0.00    0.00    0.00    0.00    2.04

06:46:51 PM  CPU    %usr   %nice    %sys %iowait    %irq   %soft  %steal  %guest  %gnice   %idle
06:46:52 PM  all   10.10    0.00   71.72   16.16    0.00    0.00    0.00    0.00    0.00    2.02
06:46:52 PM    0    8.00    0.00   74.00   16.00    0.00    0.00    0.00    0.00    0.00    2.00
06:46:52 PM    1   12.24    0.00   69.39   16.33    0.00    0.00    0.00    0.00    0.00    2.04

06:46:52 PM  CPU    %usr   %nice    %sys %iowait    %irq   %soft  %steal  %guest  %gnice   %idle
06:46:53 PM  all   14.58    0.00   69.79   15.10    0.00    0.52    0.00    0.00    0.00    0.00
06:46:53 PM    0   11.96    0.00   72.83   15.22    0.00    0.00    0.00    0.00    0.00    0.00
06:46:53 PM    1   17.00    0.00   67.00   15.00    0.00    1.00    0.00    0.00    0.00    0.00

06:46:53 PM  CPU    %usr   %nice    %sys %iowait    %irq   %soft  %steal  %guest  %gnice   %idle
06:46:54 PM  all   12.94    0.00   70.15   16.42    0.00    0.00    0.00    0.00    0.00    0.50
06:46:54 PM    0   13.86    0.00   70.30   15.84    0.00    0.00    0.00    0.00    0.00    0.00
06:46:54 PM    1   12.00    0.00   70.00   17.00    0.00    0.00    0.00    0.00    0.00    1.00

06:46:54 PM  CPU    %usr   %nice    %sys %iowait    %irq   %soft  %steal  %guest  %gnice   %idle
06:46:55 PM  all   13.71    0.00   81.22    4.57    0.00    0.00    0.51    0.00    0.00    0.00
06:46:55 PM    0   10.10    0.00   83.84    5.05    0.00    0.00    1.01    0.00    0.00    0.00
06:46:55 PM    1   17.35    0.00   78.57    4.08    0.00    0.00    0.00    0.00    0.00    0.00

06:46:55 PM  CPU    %usr   %nice    %sys %iowait    %irq   %soft  %steal  %guest  %gnice   %idle
06:46:56 PM  all   14.43    0.00   82.09    2.49    0.00    0.50    0.50    0.00    0.00    0.00
06:46:56 PM    0   16.16    0.00   81.82    2.02    0.00    0.00    0.00    0.00    0.00    0.00
06:46:56 PM    1   12.75    0.00   82.35    2.94    0.00    0.98    0.98    0.00    0.00    0.00

06:46:56 PM  CPU    %usr   %nice    %sys %iowait    %irq   %soft  %steal  %guest  %gnice   %idle
06:46:57 PM  all   13.71    0.00   84.77    1.52    0.00    0.00    0.00    0.00    0.00    0.00
06:46:57 PM    0   17.17    0.00   80.81    2.02    0.00    0.00    0.00    0.00    0.00    0.00
06:46:57 PM    1   10.20    0.00   88.78    1.02    0.00    0.00    0.00    0.00    0.00    0.00

06:46:57 PM  CPU    %usr   %nice    %sys %iowait    %irq   %soft  %steal  %guest  %gnice   %idle
06:46:58 PM  all   13.64    0.00   80.30    6.06    0.00    0.00    0.00    0.00    0.00    0.00
06:46:58 PM    0   18.18    0.00   75.76    6.06    0.00    0.00    0.00    0.00    0.00    0.00
06:46:58 PM    1    9.09    0.00   84.85    6.06    0.00    0.00    0.00    0.00    0.00    0.00

06:46:58 PM  CPU    %usr   %nice    %sys %iowait    %irq   %soft  %steal  %guest  %gnice   %idle
06:46:59 PM  all   13.07    0.00   73.37   13.57    0.00    0.00    0.00    0.00    0.00    0.00
06:46:59 PM    0   16.00    0.00   71.00   13.00    0.00    0.00    0.00    0.00    0.00    0.00
06:46:59 PM    1   10.10    0.00   75.76   14.14    0.00    0.00    0.00    0.00    0.00    0.00

06:46:59 PM  CPU    %usr   %nice    %sys %iowait    %irq   %soft  %steal  %guest  %gnice   %idle
06:47:00 PM  all   11.62    0.00   72.22   15.66    0.00    0.00    0.00    0.00    0.00    0.51
06:47:00 PM    0   12.12    0.00   72.73   15.15    0.00    0.00    0.00    0.00    0.00    0.00
06:47:00 PM    1   11.11    0.00   71.72   16.16    0.00    0.00    0.00    0.00    0.00    1.01

06:47:00 PM  CPU    %usr   %nice    %sys %iowait    %irq   %soft  %steal  %guest  %gnice   %idle
06:47:01 PM  all   12.56    0.00   75.38   11.56    0.00    0.00    0.50    0.00    0.00    0.00
06:47:01 PM    0   10.10    0.00   77.78   12.12    0.00    0.00    0.00    0.00    0.00    0.00
06:47:01 PM    1   15.00    0.00   73.00   11.00    0.00    0.00    1.00    0.00    0.00    0.00

06:47:01 PM  CPU    %usr   %nice    %sys %iowait    %irq   %soft  %steal  %guest  %gnice   %idle
06:47:02 PM  all   12.69    0.00   73.60   13.71    0.00    0.00    0.00    0.00    0.00    0.00
06:47:02 PM    0   12.12    0.00   73.74   14.14    0.00    0.00    0.00    0.00    0.00    0.00
06:47:02 PM    1   13.27    0.00   73.47   13.27    0.00    0.00    0.00    0.00    0.00    0.00

06:47:02 PM  CPU    %usr   %nice    %sys %iowait    %irq   %soft  %steal  %guest  %gnice   %idle
06:47:03 PM  all   12.76    0.00   72.96    9.69    0.00    0.00    0.00    0.00    0.00    4.59
06:47:03 PM    0   11.22    0.00   73.47    8.16    0.00    0.00    0.00    0.00    0.00    7.14
06:47:03 PM    1   14.29    0.00   72.45   11.22    0.00    0.00    0.00    0.00    0.00    2.04

06:47:03 PM  CPU    %usr   %nice    %sys %iowait    %irq   %soft  %steal  %guest  %gnice   %idle
06:47:04 PM  all   11.50    0.00   72.50   15.00    0.00    0.50    0.50    0.00    0.00    0.00
06:47:04 PM    0    9.00    0.00   75.00   15.00    0.00    0.00    1.00    0.00    0.00    0.00
06:47:04 PM    1   14.00    0.00   70.00   15.00    0.00    1.00    0.00    0.00    0.00    0.00

06:47:04 PM  CPU    %usr   %nice    %sys %iowait    %irq   %soft  %steal  %guest  %gnice   %idle
06:47:05 PM  all   13.00    0.00   73.50   13.50    0.00    0.00    0.00    0.00    0.00    0.00
06:47:05 PM    0   12.87    0.00   73.27   13.86    0.00    0.00    0.00    0.00    0.00    0.00
06:47:05 PM    1   13.13    0.00   73.74   13.13    0.00    0.00    0.00    0.00    0.00    0.00

06:47:05 PM  CPU    %usr   %nice    %sys %iowait    %irq   %soft  %steal  %guest  %gnice   %idle
06:47:06 PM  all   11.11    0.00   57.07   29.80    0.00    0.00    0.00    0.00    0.00    2.02
06:47:06 PM    0   13.27    0.00   56.12   29.59    0.00    0.00    0.00    0.00    0.00    1.02
06:47:06 PM    1    9.00    0.00   58.00   30.00    0.00    0.00    0.00    0.00    0.00    3.00

06:47:06 PM  CPU    %usr   %nice    %sys %iowait    %irq   %soft  %steal  %guest  %gnice   %idle
06:47:07 PM  all   10.66    0.00   74.11   15.23    0.00    0.00    0.00    0.00    0.00    0.00
06:47:07 PM    0   12.12    0.00   72.73   15.15    0.00    0.00    0.00    0.00    0.00    0.00
06:47:07 PM    1    9.18    0.00   75.51   15.31    0.00    0.00    0.00    0.00    0.00    0.00

06:47:07 PM  CPU    %usr   %nice    %sys %iowait    %irq   %soft  %steal  %guest  %gnice   %idle
06:47:08 PM  all   15.00    0.00   79.50    5.00    0.00    0.00    0.50    0.00    0.00    0.00
06:47:08 PM    0   17.17    0.00   77.78    5.05    0.00    0.00    0.00    0.00    0.00    0.00
06:47:08 PM    1   12.87    0.00   81.19    4.95    0.00    0.00    0.99    0.00    0.00    0.00

06:47:08 PM  CPU    %usr   %nice    %sys %iowait    %irq   %soft  %steal  %guest  %gnice   %idle
06:47:09 PM  all   14.07    0.00   78.39    7.54    0.00    0.00    0.00    0.00    0.00    0.00
06:47:09 PM    0   15.84    0.00   76.24    7.92    0.00    0.00    0.00    0.00    0.00    0.00
06:47:09 PM    1   12.24    0.00   80.61    7.14    0.00    0.00    0.00    0.00    0.00    0.00

06:47:09 PM  CPU    %usr   %nice    %sys %iowait    %irq   %soft  %steal  %guest  %gnice   %idle
06:47:10 PM  all   11.56    0.00   88.44    0.00    0.00    0.00    0.00    0.00    0.00    0.00
06:47:10 PM    0   11.11    0.00   88.89    0.00    0.00    0.00    0.00    0.00    0.00    0.00
06:47:10 PM    1   12.00    0.00   88.00    0.00    0.00    0.00    0.00    0.00    0.00    0.00

06:47:10 PM  CPU    %usr   %nice    %sys %iowait    %irq   %soft  %steal  %guest  %gnice   %idle
06:47:12 PM  all   14.14    0.00   85.35    0.00    0.00    0.51    0.00    0.00    0.00    0.00
06:47:12 PM    0   10.10    0.00   89.90    0.00    0.00    0.00    0.00    0.00    0.00    0.00
06:47:12 PM    1   18.18    0.00   80.81    0.00    0.00    1.01    0.00    0.00    0.00    0.00

06:47:12 PM  CPU    %usr   %nice    %sys %iowait    %irq   %soft  %steal  %guest  %gnice   %idle
06:47:13 PM  all   79.60    0.00   20.40    0.00    0.00    0.00    0.00    0.00    0.00    0.00
06:47:13 PM    0   60.00    0.00   40.00    0.00    0.00    0.00    0.00    0.00    0.00    0.00
06:47:13 PM    1   99.01    0.00    0.99    0.00    0.00    0.00    0.00    0.00    0.00    0.00

06:47:13 PM  CPU    %usr   %nice    %sys %iowait    %irq   %soft  %steal  %guest  %gnice   %idle
06:47:14 PM  all  100.00    0.00    0.00    0.00    0.00    0.00    0.00    0.00    0.00    0.00
06:47:14 PM    0  100.00    0.00    0.00    0.00    0.00    0.00    0.00    0.00    0.00    0.00
06:47:14 PM    1  100.00    0.00    0.00    0.00    0.00    0.00    0.00    0.00    0.00    0.00

06:47:14 PM  CPU    %usr   %nice    %sys %iowait    %irq   %soft  %steal  %guest  %gnice   %idle
06:47:15 PM  all   90.36    0.00    9.14    0.00    0.00    0.00    0.51    0.00    0.00    0.00
06:47:15 PM    0   88.78    0.00   10.20    0.00    0.00    0.00    1.02    0.00    0.00    0.00
06:47:15 PM    1   91.92    0.00    8.08    0.00    0.00    0.00    0.00    0.00    0.00    0.00

06:47:15 PM  CPU    %usr   %nice    %sys %iowait    %irq   %soft  %steal  %guest  %gnice   %idle
06:47:16 PM  all   84.92    0.00   13.57    1.01    0.00    0.50    0.00    0.00    0.00    0.00
06:47:16 PM    0   78.00    0.00   20.00    2.00    0.00    0.00    0.00    0.00    0.00    0.00
06:47:16 PM    1   91.92    0.00    7.07    0.00    0.00    1.01    0.00    0.00    0.00    0.00

06:47:16 PM  CPU    %usr   %nice    %sys %iowait    %irq   %soft  %steal  %guest  %gnice   %idle
06:47:17 PM  all   85.86    0.00   14.14    0.00    0.00    0.00    0.00    0.00    0.00    0.00
06:47:17 PM    0   85.71    0.00   14.29    0.00    0.00    0.00    0.00    0.00    0.00    0.00
06:47:17 PM    1   86.00    0.00   14.00    0.00    0.00    0.00    0.00    0.00    0.00    0.00

06:47:17 PM  CPU    %usr   %nice    %sys %iowait    %irq   %soft  %steal  %guest  %gnice   %idle
06:47:18 PM  all   86.43    0.00   10.05    3.02    0.00    0.50    0.00    0.00    0.00    0.00
06:47:18 PM    0   88.89    0.00    4.04    6.06    0.00    1.01    0.00    0.00    0.00    0.00
06:47:18 PM    1   84.00    0.00   16.00    0.00    0.00    0.00    0.00    0.00    0.00    0.00

06:47:18 PM  CPU    %usr   %nice    %sys %iowait    %irq   %soft  %steal  %guest  %gnice   %idle
06:47:19 PM  all   51.85    0.00   16.40   22.75    0.00    0.00    0.00    0.00    0.00    8.99
06:47:19 PM    0   31.25    0.00   26.04   33.33    0.00    0.00    0.00    0.00    0.00    9.38
06:47:19 PM    1   73.12    0.00    6.45   11.83    0.00    0.00    0.00    0.00    0.00    8.60

06:47:19 PM  CPU    %usr   %nice    %sys %iowait    %irq   %soft  %steal  %guest  %gnice   %idle
06:47:20 PM  all   17.74    0.00   14.52   43.55    0.00    0.00    0.54    0.00    0.00   23.66
06:47:20 PM    0   14.13    0.00   14.13   58.70    0.00    0.00    0.00    0.00    0.00   13.04
06:47:20 PM    1   21.28    0.00   14.89   28.72    0.00    0.00    1.06    0.00    0.00   34.04
