Linux 6.8.0-49-generic (qtwdlxduwm) 	12/12/2024 	_x86_64_	(2 CPU)

09:16:59 PM  CPU    %usr   %nice    %sys %iowait    %irq   %soft  %steal  %guest  %gnice   %idle
09:17:00 PM  all   18.78    0.00   80.71    0.00    0.00    0.00    0.00    0.00    0.00    0.51
09:17:00 PM    0   20.41    0.00   79.59    0.00    0.00    0.00    0.00    0.00    0.00    0.00
09:17:00 PM    1   17.17    0.00   81.82    0.00    0.00    0.00    0.00    0.00    0.00    1.01

09:17:00 PM  CPU    %usr   %nice    %sys %iowait    %irq   %soft  %steal  %guest  %gnice   %idle
09:17:01 PM  all   17.41    0.00   82.09    0.00    0.00    0.50    0.00    0.00    0.00    0.00
09:17:01 PM    0   19.00    0.00   81.00    0.00    0.00    0.00    0.00    0.00    0.00    0.00
09:17:01 PM    1   15.84    0.00   83.17    0.00    0.00    0.99    0.00    0.00    0.00    0.00

09:17:01 PM  CPU    %usr   %nice    %sys %iowait    %irq   %soft  %steal  %guest  %gnice   %idle
09:17:02 PM  all   15.58    0.00   84.42    0.00    0.00    0.00    0.00    0.00    0.00    0.00
09:17:02 PM    0   16.00    0.00   84.00    0.00    0.00    0.00    0.00    0.00    0.00    0.00
09:17:02 PM    1   15.15    0.00   84.85    0.00    0.00    0.00    0.00    0.00    0.00    0.00

09:17:02 PM  CPU    %usr   %nice    %sys %iowait    %irq   %soft  %steal  %guest  %gnice   %idle
09:17:03 PM  all   16.67    0.00   82.83    0.00    0.00    0.00    0.51    0.00    0.00    0.00
09:17:03 PM    0   16.16    0.00   83.84    0.00    0.00    0.00    0.00    0.00    0.00    0.00
09:17:03 PM    1   17.17    0.00   81.82    0.00    0.00    0.00    1.01    0.00    0.00    0.00

09:17:03 PM  CPU    %usr   %nice    %sys %iowait    %irq   %soft  %steal  %guest  %gnice   %idle
09:17:04 PM  all   16.42    0.00   83.08    0.00    0.00    0.50    0.00    0.00    0.00    0.00
09:17:04 PM    0   17.00    0.00   83.00    0.00    0.00    0.00    0.00    0.00    0.00    0.00
09:17:04 PM    1   15.84    0.00   83.17    0.00    0.00    0.99    0.00    0.00    0.00    0.00

09:17:04 PM  CPU    %usr   %nice    %sys %iowait    %irq   %soft  %steal  %guest  %gnice   %idle
09:17:05 PM  all   15.82    0.00   81.12    0.00    0.00    0.00    0.00    0.00    0.00    3.06
09:17:05 PM    0   14.14    0.00   80.81    0.00    0.00    0.00    0.00    0.00    0.00    5.05
09:17:05 PM    1   17.53    0.00   81.44    0.00    0.00    0.00    0.00    0.00    0.00    1.03
