% time     seconds  usecs/call     calls    errors syscall
------ ----------- ----------- --------- --------- ----------------
 60.01    0.392332          42      9216           write
 38.79    0.253624          27      9271           read
  0.92    0.006015          54       111           openat
  0.22    0.001412          12       110           close
  0.04    0.000275         137         2           unlink
  0.01    0.000093          15         6           brk
  0.00    0.000018          18         1           munmap
  0.00    0.000014           7         2           lseek
  0.00    0.000008           8         1           getrandom
  0.00    0.000007           7         1           prlimit64
  0.00    0.000000           0         2           fstat
  0.00    0.000000           0         8           mmap
  0.00    0.000000           0         3           mprotect
  0.00    0.000000           0         2           pread64
  0.00    0.000000           0         1         1 access
  0.00    0.000000           0         1           execve
  0.00    0.000000           0         1           arch_prctl
  0.00    0.000000           0         1           set_tid_address
  0.00    0.000000           0         1           set_robust_list
  0.00    0.000000           0         1           rseq
------ ----------- ----------- --------- --------- ----------------
100.00    0.653798          34     18742         1 total
